\BOOKMARK [0][-]{dummy.1}{\376\377\000D\000e\000c\000l\000a\000r\000a\000t\000i\000o\000n\000\040\000o\000f\000\040\000A\000u\000t\000h\000o\000r\000s\000h\000i\000p}{}% 1
\BOOKMARK [0][-]{dummy.2}{\376\377\000A\000b\000s\000t\000r\000a\000c\000t}{}% 2
\BOOKMARK [0][-]{dummy.3}{\376\377\000A\000c\000k\000n\000o\000w\000l\000e\000d\000g\000e\000m\000e\000n\000t\000s}{}% 3
\BOOKMARK [0][-]{dummy.4}{\376\377\000C\000o\000n\000t\000e\000n\000t\000s}{}% 4
\BOOKMARK [0][-]{dummy.6}{\376\377\000L\000i\000s\000t\000\040\000o\000f\000\040\000F\000i\000g\000u\000r\000e\000s}{}% 5
\BOOKMARK [0][-]{dummy.8}{\376\377\000L\000i\000s\000t\000\040\000o\000f\000\040\000T\000a\000b\000l\000e\000s}{}% 6
\BOOKMARK [0][-]{chapter.10}{\376\377\0001\000\040\000D\000i\000s\000s\000e\000r\000t\000a\000t\000i\000o\000n\000\040\000O\000v\000e\000r\000v\000i\000e\000w}{}% 7
\BOOKMARK [0][-]{chapter.12}{\376\377\0002\000\040\000S\000o\000c\000i\000a\000l\000\040\000M\000e\000d\000i\000a\000\040\000a\000n\000d\000\040\000R\000e\000a\000l\000-\000l\000i\000f\000e\000\040\000E\000v\000e\000n\000t\000s}{}% 8
\BOOKMARK [1][-]{section.13}{\376\377\0002\000.\0001\000\040\000S\000o\000c\000i\000a\000l\000\040\000M\000e\000d\000i\000a}{chapter.12}% 9
\BOOKMARK [2][-]{subsection.14}{\376\377\0002\000.\0001\000.\0001\000\040\000B\000l\000o\000g\000s}{section.13}% 10
\BOOKMARK [2][-]{subsection.15}{\376\377\0002\000.\0001\000.\0002\000\040\000M\000i\000c\000r\000o\000b\000l\000o\000g\000s}{section.13}% 11
\BOOKMARK [2][-]{subsection.16}{\376\377\0002\000.\0001\000.\0003\000\040\000M\000e\000d\000i\000a\000\040\000S\000h\000a\000r\000i\000n\000g}{section.13}% 12
\BOOKMARK [2][-]{subsection.17}{\376\377\0002\000.\0001\000.\0004\000\040\000S\000o\000c\000i\000a\000l\000\040\000B\000o\000o\000k\000m\000a\000r\000k\000i\000n\000g}{section.13}% 13
\BOOKMARK [2][-]{subsection.18}{\376\377\0002\000.\0001\000.\0005\000\040\000S\000o\000c\000i\000a\000l\000\040\000N\000e\000w\000s}{section.13}% 14
\BOOKMARK [2][-]{subsection.19}{\376\377\0002\000.\0001\000.\0006\000\040\000S\000o\000c\000i\000a\000l\000\040\000N\000e\000t\000w\000o\000r\000k\000i\000n\000g}{section.13}% 15
\BOOKMARK [1][-]{section.23}{\376\377\0002\000.\0002\000\040\000C\000h\000a\000r\000a\000c\000t\000e\000r\000i\000s\000t\000i\000c\000s\000\040\000o\000f\000\040\000S\000o\000c\000i\000a\000l\000\040\000M\000e\000d\000i\000a\000\040\000W\000e\000b\000s\000i\000t\000e\000s}{chapter.12}% 16
\BOOKMARK [1][-]{section.31}{\376\377\0002\000.\0003\000\040\000C\000h\000a\000l\000l\000e\000n\000g\000e\000s\000\040\000i\000n\000\040\000S\000o\000c\000i\000a\000l\000\040\000M\000e\000d\000i\000a\000\040\000M\000i\000n\000i\000n\000g}{chapter.12}% 17
\BOOKMARK [1][-]{section.32}{\376\377\0002\000.\0004\000\040\000E\000v\000e\000n\000t\000s\000\040\000f\000r\000o\000m\000\040\000D\000i\000f\000f\000e\000r\000e\000n\000t\000\040\000P\000e\000r\000s\000p\000e\000c\000t\000i\000v\000e\000s}{chapter.12}% 18
\BOOKMARK [2][-]{subsection.33}{\376\377\0002\000.\0004\000.\0001\000\040\000T\000o\000p\000i\000c\000\040\000D\000e\000t\000e\000c\000t\000i\000o\000n\000\040\000a\000n\000d\000\040\000T\000r\000a\000c\000k\000i\000n\000g}{section.32}% 19
\BOOKMARK [2][-]{subsection.34}{\376\377\0002\000.\0004\000.\0002\000\040\000A\000u\000t\000o\000m\000a\000t\000i\000c\000\040\000C\000o\000n\000t\000e\000n\000t\000\040\000E\000x\000t\000r\000a\000c\000t\000i\000o\000n}{section.32}% 20
\BOOKMARK [2][-]{subsection.35}{\376\377\0002\000.\0004\000.\0003\000\040\000M\000u\000l\000t\000i\000m\000e\000d\000i\000a\000\040\000E\000v\000e\000n\000t\000\040\000D\000e\000t\000e\000c\000t\000i\000o\000n}{section.32}% 21
\BOOKMARK [1][-]{section.36}{\376\377\0002\000.\0005\000\040\000E\000v\000e\000n\000t\000s\000\040\000i\000n\000\040\000S\000o\000c\000i\000a\000l\000\040\000M\000e\000d\000i\000a}{chapter.12}% 22
\BOOKMARK [1][-]{section.37}{\376\377\0002\000.\0006\000\040\000B\000a\000c\000k\000g\000r\000o\000u\000n\000d\000:\000\040\000E\000n\000t\000i\000t\000y\000\040\000I\000d\000e\000n\000t\000i\000t\000y\000\040\000I\000n\000f\000o\000r\000m\000a\000t\000i\000o\000n\000\040\000M\000a\000n\000a\000g\000e\000m\000e\000n\000t\000\040\000\050\000E\000I\000I\000M\000\051\000\040\000i\000n\000\040\000M\000a\000s\000t\000e\000r\000\040\000D\000a\000t\000a\000\040\000M\000a\000n\000a\000g\000e\000m\000e\000n\000t}{chapter.12}% 23
\BOOKMARK [1][-]{section.45}{\376\377\0002\000.\0007\000\040\000P\000r\000o\000b\000l\000e\000m\000\040\000o\000f\000\040\000E\000v\000e\000n\000t\000\040\000I\000d\000e\000n\000t\000i\000t\000y\000\040\000I\000n\000f\000o\000r\000m\000a\000t\000i\000o\000n\000\040\000M\000a\000n\000a\000g\000e\000m\000e\000n\000t\000\040\000i\000n\000\040\000S\000o\000c\000i\000a\000l\000\040\000M\000e\000d\000i\000a}{chapter.12}% 24
\BOOKMARK [0][-]{chapter.46}{\376\377\0003\000\040\000L\000i\000t\000e\000r\000a\000t\000u\000r\000e\000\040\000R\000e\000v\000i\000e\000w}{}% 25
\BOOKMARK [1][-]{section.47}{\376\377\0003\000.\0001\000\040\000I\000d\000e\000n\000t\000i\000f\000y\000i\000n\000g\000\040\000H\000i\000g\000h\000\040\000Q\000u\000a\000l\000i\000t\000y\000\040\000I\000n\000f\000o\000r\000m\000a\000t\000i\000v\000e\000\040\000C\000o\000n\000t\000e\000n\000t\000\040\000i\000n\000\040\000S\000o\000c\000i\000a\000l\000\040\000M\000e\000d\000i\000a}{chapter.46}% 26
\BOOKMARK [1][-]{section.52}{\376\377\0003\000.\0002\000\040\000E\000n\000t\000i\000t\000y\000\040\000R\000e\000s\000o\000l\000u\000t\000i\000o\000n}{chapter.46}% 27
\BOOKMARK [1][-]{section.58}{\376\377\0003\000.\0003\000\040\000E\000v\000e\000n\000t\000\040\000I\000d\000e\000n\000t\000i\000f\000i\000c\000a\000t\000i\000o\000n\000\040\000i\000n\000\040\000N\000e\000w\000s\000\040\000T\000e\000x\000t}{chapter.46}% 28
\BOOKMARK [1][-]{section.59}{\376\377\0003\000.\0004\000\040\000E\000v\000e\000n\000t\000\040\000I\000d\000e\000n\000t\000i\000f\000i\000c\000a\000t\000i\000o\000n\000\040\000i\000n\000\040\000S\000o\000c\000i\000a\000l\000\040\000M\000e\000d\000i\000a}{chapter.46}% 29
\BOOKMARK [0][-]{chapter.60}{\376\377\0004\000\040\000C\000h\000a\000l\000l\000e\000n\000g\000e\000s\000\040\000i\000n\000\040\000M\000i\000n\000i\000n\000g\000\040\000E\000v\000e\000n\000t\000\040\000R\000e\000l\000a\000t\000e\000d\000\040\000I\000n\000f\000o\000r\000m\000a\000t\000i\000v\000e\000\040\000C\000o\000n\000t\000e\000n\000t\000\040\000f\000r\000o\000m\000\040\000S\000o\000c\000i\000a\000l\000\040\000M\000e\000d\000i\000a}{}% 30
\BOOKMARK [1][-]{section.61}{\376\377\0004\000.\0001\000\040\000I\000n\000f\000o\000r\000m\000a\000t\000i\000o\000n\000\040\000O\000v\000e\000r\000l\000o\000a\000d}{chapter.60}% 31
\BOOKMARK [1][-]{section.67}{\376\377\0004\000.\0002\000\040\000V\000e\000r\000a\000c\000i\000t\000y\000\040\000o\000f\000\040\000S\000o\000u\000r\000c\000e\000s}{chapter.60}% 32
\BOOKMARK [1][-]{section.70}{\376\377\0004\000.\0003\000\040\000M\000u\000l\000t\000i\000p\000l\000e\000\040\000D\000a\000t\000a\000\040\000S\000o\000u\000r\000c\000e\000s\000\040\000w\000i\000t\000h\000\040\000V\000a\000r\000i\000e\000t\000y\000\040\000o\000f\000\040\000C\000o\000n\000t\000e\000n\000t}{chapter.60}% 33
\BOOKMARK [1][-]{section.72}{\376\377\0004\000.\0004\000\040\000I\000n\000f\000o\000r\000m\000a\000l\000\040\000T\000e\000x\000t}{chapter.60}% 34
\BOOKMARK [1][-]{section.74}{\376\377\0004\000.\0005\000\040\000S\000e\000a\000r\000c\000h\000i\000n\000g\000\040\000f\000o\000r\000\040\000I\000n\000f\000o\000r\000m\000a\000t\000i\000o\000n\000\040\000i\000n\000\040\000L\000o\000n\000g\000\040\000T\000a\000i\000l}{chapter.60}% 35
\BOOKMARK [1][-]{section.79}{\376\377\0004\000.\0006\000\040\000S\000p\000a\000r\000s\000e\000\040\000L\000i\000n\000k\000\040\000S\000t\000r\000u\000c\000t\000u\000r\000e}{chapter.60}% 36
\BOOKMARK [1][-]{section.80}{\376\377\0004\000.\0007\000\040\000S\000a\000m\000p\000l\000i\000n\000g\000\040\000B\000i\000a\000s}{chapter.60}% 37
\BOOKMARK [1][-]{section.82}{\376\377\0004\000.\0008\000\040\000L\000a\000c\000k\000\040\000o\000f\000\040\000E\000v\000a\000l\000u\000a\000t\000i\000o\000n\000\040\000D\000a\000t\000a\000s\000e\000t\000s}{chapter.60}% 38
\BOOKMARK [0][-]{chapter.83}{\376\377\0005\000\040\000E\000v\000e\000n\000t\000\040\000I\000d\000e\000n\000t\000i\000t\000y\000\040\000I\000n\000f\000o\000r\000m\000a\000t\000i\000o\000n\000\040\000M\000a\000n\000a\000g\000e\000m\000e\000n\000t\000\040\000\050\000E\000I\000I\000M\000\051\000\040\000L\000i\000f\000e\000\040\000C\000y\000c\000l\000e\000\040\000f\000o\000r\000\040\000S\000o\000c\000i\000a\000l\000\040\000M\000e\000d\000i\000a}{}% 39
\BOOKMARK [1][-]{section.85}{\376\377\0005\000.\0001\000\040\000I\000d\000e\000n\000t\000i\000t\000y\000\040\000I\000n\000t\000e\000g\000r\000i\000t\000y}{chapter.83}% 40
\BOOKMARK [1][-]{section.86}{\376\377\0005\000.\0002\000\040\000E\000v\000e\000n\000t\000\040\000R\000e\000f\000e\000r\000e\000n\000c\000e\000\040\000C\000o\000l\000l\000e\000c\000t\000i\000o\000n}{chapter.83}% 41
\BOOKMARK [2][-]{subsection.88}{\376\377\0005\000.\0002\000.\0001\000\040\000B\000l\000o\000g\000\040\000R\000e\000f\000e\000r\000e\000n\000c\000e\000\040\000C\000o\000l\000l\000e\000c\000t\000i\000o\000n}{section.86}% 42
\BOOKMARK [2][-]{subsection.92}{\376\377\0005\000.\0002\000.\0002\000\040\000M\000i\000c\000r\000o\000b\000l\000o\000g\000\040\000R\000e\000f\000e\000r\000e\000n\000c\000e\000\040\000C\000o\000l\000l\000e\000c\000t\000i\000o\000n}{section.86}% 43
\BOOKMARK [1][-]{section.94}{\376\377\0005\000.\0003\000\040\000E\000v\000e\000n\000t\000\040\000R\000e\000f\000e\000r\000e\000n\000c\000e\000\040\000P\000r\000e\000p\000a\000r\000a\000t\000i\000o\000n}{chapter.83}% 44
\BOOKMARK [1][-]{section.96}{\376\377\0005\000.\0004\000\040\000E\000v\000e\000n\000t\000\040\000I\000n\000f\000o\000r\000m\000a\000t\000i\000o\000n\000\040\000Q\000u\000a\000l\000i\000t\000y}{chapter.83}% 45
\BOOKMARK [1][-]{section.101}{\376\377\0005\000.\0005\000\040\000E\000v\000e\000n\000t\000\040\000I\000d\000e\000n\000t\000i\000t\000y\000\040\000I\000n\000f\000o\000r\000m\000a\000t\000i\000o\000n\000\040\000C\000a\000p\000t\000u\000r\000e}{chapter.83}% 46
\BOOKMARK [1][-]{section.103}{\376\377\0005\000.\0006\000\040\000E\000v\000e\000n\000t\000\040\000I\000d\000e\000n\000t\000i\000t\000y\000\040\000I\000n\000f\000o\000r\000m\000a\000t\000i\000o\000n\000\040\000S\000t\000r\000u\000c\000t\000u\000r\000e}{chapter.83}% 47
\BOOKMARK [1][-]{section.105}{\376\377\0005\000.\0007\000\040\000E\000v\000e\000n\000t\000\040\000I\000d\000e\000n\000t\000i\000t\000y\000\040\000I\000n\000f\000o\000r\000m\000a\000t\000i\000o\000n\000\040\000P\000r\000o\000c\000e\000s\000s\000i\000n\000g}{chapter.83}% 48
\BOOKMARK [2][-]{subsection.109}{\376\377\0005\000.\0007\000.\0001\000\040\000T\000w\000i\000t\000t\000e\000r\000E\000v\000e\000n\000t\000I\000n\000f\000o\000R\000a\000n\000k}{section.105}% 49
\BOOKMARK [1][-]{section.132}{\376\377\0005\000.\0008\000\040\000E\000v\000e\000n\000t\000\040\000R\000e\000f\000e\000r\000e\000n\000c\000e\000\040\000R\000e\000s\000o\000l\000u\000t\000i\000o\000n}{chapter.83}% 50
\BOOKMARK [1][-]{section.134}{\376\377\0005\000.\0009\000\040\000E\000v\000e\000n\000t\000\040\000A\000n\000a\000l\000y\000t\000i\000c\000s}{chapter.83}% 51
\BOOKMARK [2][-]{figure.caption.135}{\376\377\000T\000o\000p\000\040\000F\000i\000v\000e\000\040\000E\000v\000e\000n\000t\000-\000s\000p\000e\000c\000i\000f\000i\000c\000\040\000I\000n\000f\000o\000r\000m\000a\000t\000i\000v\000e\000\040\000H\000a\000s\000h\000t\000a\000g\000s\000\040\000f\000o\000r\000\040\000S\000y\000d\000n\000e\000y\000\040\000S\000i\000e\000g\000e\000\040\000E\000v\000e\000n\000t}{section.134}% 52
\BOOKMARK [3][-]{Item.140}{\376\377\000T\000o\000p\000\040\000F\000i\000v\000e\000\040\000E\000v\000e\000n\000t\000-\000s\000p\000e\000c\000i\000f\000i\000c\000\040\000I\000n\000f\000o\000r\000m\000a\000t\000i\000v\000e\000\040\000T\000e\000x\000t\000\040\000U\000n\000i\000t\000s\000\040\000f\000o\000r\000\040\000S\000y\000d\000n\000e\000y\000\040\000S\000i\000e\000g\000e\000\040\000E\000v\000e\000n\000t}{figure.caption.135}% 53
\BOOKMARK [4][-]{Item.145}{\376\377\000T\000o\000p\000\040\000F\000i\000v\000e\000\040\000E\000v\000e\000n\000t\000-\000s\000p\000e\000c\000i\000f\000i\000c\000\040\000I\000n\000f\000o\000r\000m\000a\000t\000i\000v\000e\000\040\000U\000R\000L\000s\000\040\000f\000o\000r\000\040\000S\000y\000d\000n\000e\000y\000\040\000S\000i\000e\000g\000e\000\040\000E\000v\000e\000n\000t}{Item.140}% 54
\BOOKMARK [4][-]{Item.150}{\376\377\000T\000o\000p\000\040\000F\000i\000v\000e\000\040\000E\000v\000e\000n\000t\000-\000s\000p\000e\000c\000i\000f\000i\000c\000\040\000I\000n\000f\000o\000r\000m\000a\000t\000i\000v\000e\000\040\000T\000w\000e\000e\000t\000\040\000E\000x\000c\000e\000r\000p\000t\000s\000\040\000f\000o\000r\000\040\000S\000y\000d\000n\000e\000y\000\040\000S\000i\000e\000g\000e\000\040\000E\000v\000e\000n\000t}{Item.140}% 55
\BOOKMARK [4][-]{Item.155}{\376\377\000T\000h\000r\000e\000e\000\040\000R\000a\000n\000d\000o\000m\000l\000y\000\040\000S\000e\000l\000e\000c\000t\000e\000d\000\040\000T\000w\000e\000e\000t\000s\000\040\000f\000o\000r\000\040\000T\000o\000p\000\040\000T\000h\000r\000e\000e\000\040\000E\000v\000e\000n\000t\000-\000s\000p\000e\000c\000i\000f\000i\000c\000\040\000I\000n\000f\000o\000r\000m\000a\000t\000i\000v\000e\000\040\000U\000s\000e\000r\000s\000\040\000p\000o\000s\000t\000i\000n\000g\000\040\000a\000b\000o\000u\000t\000\040\000S\000y\000d\000n\000e\000y\000\040\000S\000i\000e\000g\000e\000\040\000E\000v\000e\000n\000t\000.}{Item.140}% 56
\BOOKMARK [4][-]{Item.167}{\376\377\000T\000o\000p\000\040\000F\000i\000v\000e\000\040\000E\000v\000e\000n\000t\000-\000s\000p\000e\000c\000i\000f\000i\000c\000\040\000I\000n\000f\000o\000r\000m\000a\000t\000i\000v\000e\000\040\000H\000a\000s\000h\000t\000a\000g\000s\000\040\000f\000o\000r\000\040\000M\000i\000l\000l\000i\000o\000n\000s\000\040\000M\000a\000r\000c\000h\000\040\000N\000Y\000C\000\040\000E\000v\000e\000n\000t}{Item.140}% 57
\BOOKMARK [4][-]{Item.172}{\376\377\000T\000o\000p\000\040\000F\000i\000v\000e\000\040\000E\000v\000e\000n\000t\000-\000s\000p\000e\000c\000i\000f\000i\000c\000\040\000I\000n\000f\000o\000r\000m\000a\000t\000i\000v\000e\000\040\000T\000e\000x\000t\000\040\000U\000n\000i\000t\000s\000\040\000f\000o\000r\000\040\000M\000i\000l\000l\000i\000o\000n\000s\000\040\000M\000a\000r\000c\000h\000\040\000N\000Y\000C\000\040\000E\000v\000e\000n\000t}{Item.140}% 58
\BOOKMARK [4][-]{Item.177}{\376\377\000T\000o\000p\000\040\000F\000i\000v\000e\000\040\000E\000v\000e\000n\000t\000-\000s\000p\000e\000c\000i\000f\000i\000c\000\040\000I\000n\000f\000o\000r\000m\000a\000t\000i\000v\000e\000\040\000U\000R\000L\000s\000\040\000f\000o\000r\000\040\000M\000i\000l\000l\000i\000o\000n\000s\000\040\000M\000a\000r\000c\000h\000\040\000N\000Y\000C\000\040\000E\000v\000e\000n\000t}{Item.140}% 59
\BOOKMARK [4][-]{Item.182}{\376\377\000T\000o\000p\000\040\000F\000i\000v\000e\000\040\000E\000v\000e\000n\000t\000-\000s\000p\000e\000c\000i\000f\000i\000c\000\040\000I\000n\000f\000o\000r\000m\000a\000t\000i\000v\000e\000\040\000T\000w\000e\000e\000t\000\040\000E\000x\000c\000e\000r\000p\000t\000s\000\040\000f\000o\000r\000\040\000M\000i\000l\000l\000i\000o\000n\000s\000\040\000M\000a\000r\000c\000h\000\040\000N\000Y\000C\000\040\000E\000v\000e\000n\000t}{Item.140}% 60
\BOOKMARK [4][-]{Item.187}{\376\377\000T\000h\000r\000e\000e\000\040\000R\000a\000n\000d\000o\000m\000l\000y\000\040\000S\000e\000l\000e\000c\000t\000e\000d\000\040\000T\000w\000e\000e\000t\000s\000\040\000f\000o\000r\000\040\000T\000o\000p\000\040\000T\000h\000r\000e\000e\000\040\000E\000v\000e\000n\000t\000-\000s\000p\000e\000c\000i\000f\000i\000c\000\040\000I\000n\000f\000o\000r\000m\000a\000t\000i\000v\000e\000\040\000U\000s\000e\000r\000s\000\040\000p\000o\000s\000t\000i\000n\000g\000\040\000a\000b\000o\000u\000t\000\040\000M\000i\000l\000l\000i\000o\000n\000s\000\040\000M\000a\000r\000c\000h\000\040\000N\000Y\000C\000\040\000E\000v\000e\000n\000t\000\040\000f\000o\000r\000\040\000a\000\040\000p\000a\000r\000t\000i\000c\000u\000l\000a\000r\000\040\000h\000o\000u\000r\000.}{Item.140}% 61
\BOOKMARK [1][-]{section.200}{\376\377\0005\000.\0001\0000\000\040\000E\000v\000e\000n\000t\000\040\000I\000d\000e\000n\000t\000i\000t\000y\000\040\000I\000n\000f\000o\000r\000m\000a\000t\000i\000o\000n\000\040\000P\000r\000o\000c\000e\000s\000s\000i\000n\000g}{chapter.83}% 62
\BOOKMARK [0][-]{chapter.201}{\376\377\0006\000\040\000E\000v\000a\000l\000u\000a\000t\000i\000o\000n\000s}{}% 63
\BOOKMARK [0][-]{chapter.202}{\376\377\0007\000\040\000P\000o\000t\000e\000n\000t\000i\000a\000l\000\040\000A\000p\000p\000l\000i\000c\000a\000t\000i\000o\000n\000s\000\040\000o\000f\000\040\000t\000h\000e\000\040\000E\000I\000I\000M\000\040\000F\000r\000a\000m\000e\000w\000o\000r\000k}{}% 64
\BOOKMARK [1][-]{section.203}{\376\377\0007\000.\0001\000\040\000E\000v\000e\000n\000t\000\040\000M\000o\000n\000i\000t\000o\000r\000i\000n\000g\000\040\000a\000n\000d\000\040\000A\000n\000a\000l\000y\000s\000i\000s}{chapter.202}% 65
\BOOKMARK [1][-]{section.210}{\376\377\0007\000.\0002\000\040\000E\000v\000e\000n\000t\000\040\000I\000n\000f\000o\000r\000m\000a\000t\000i\000o\000n\000\040\000R\000e\000t\000r\000i\000e\000v\000a\000l}{chapter.202}% 66
\BOOKMARK [1][-]{section.212}{\376\377\0007\000.\0003\000\040\000O\000p\000i\000n\000i\000o\000n\000\040\000a\000n\000d\000\040\000R\000e\000v\000i\000e\000w\000\040\000M\000i\000n\000i\000n\000g}{chapter.202}% 67
\BOOKMARK [1][-]{section.223}{\376\377\0007\000.\0004\000\040\000R\000e\000c\000o\000m\000m\000e\000n\000d\000e\000r\000\040\000S\000y\000s\000t\000e\000m\000s}{chapter.202}% 68
\BOOKMARK [1][-]{section.224}{\376\377\0007\000.\0005\000\040\000E\000v\000e\000n\000t\000\040\000M\000a\000n\000a\000g\000e\000m\000e\000n\000t\000\040\000a\000n\000d\000\040\000M\000a\000r\000k\000e\000t\000i\000n\000g}{chapter.202}% 69
\BOOKMARK [1][-]{section.226}{\376\377\0007\000.\0006\000\040\000S\000o\000c\000i\000a\000l\000\040\000M\000e\000d\000i\000a\000\040\000D\000a\000t\000a\000\040\000I\000n\000t\000e\000g\000r\000a\000t\000i\000o\000n}{chapter.202}% 70
\BOOKMARK [0][-]{chapter.228}{\376\377\0008\000\040\000C\000o\000n\000c\000l\000u\000s\000i\000o\000n\000\040\000a\000n\000d\000\040\000F\000u\000t\000u\000r\000e\000\040\000W\000o\000r\000k}{}% 71
\BOOKMARK [1][-]{section.229}{\376\377\0008\000.\0001\000\040\000C\000o\000n\000c\000l\000u\000s\000i\000o\000n}{chapter.228}% 72
\BOOKMARK [1][-]{section.230}{\376\377\0008\000.\0002\000\040\000F\000u\000t\000u\000r\000e\000\040\000W\000o\000r\000k}{chapter.228}% 73
\BOOKMARK [2][-]{subsection.231}{\376\377\0008\000.\0002\000.\0001\000\040\000S\000u\000m\000m\000a\000r\000i\000z\000i\000n\000g\000\040\000E\000v\000e\000n\000t\000\040\000R\000e\000l\000a\000t\000e\000d\000\040\000C\000o\000n\000t\000e\000n\000t}{section.230}% 74
\BOOKMARK [2][-]{subsection.232}{\376\377\0008\000.\0002\000.\0002\000\040\000I\000d\000e\000n\000t\000i\000f\000y\000i\000n\000g\000\040\000I\000n\000s\000i\000g\000h\000t\000f\000u\000l\000\040\000O\000p\000i\000n\000i\000o\000n\000a\000t\000e\000d\000\040\000C\000o\000n\000t\000e\000n\000t\000\040\000R\000e\000l\000a\000t\000e\000d\000\040\000t\000o\000\040\000E\000v\000e\000n\000t\000s}{section.230}% 75
\BOOKMARK [2][-]{subsection.233}{\376\377\0008\000.\0002\000.\0003\000\040\000E\000v\000e\000n\000t\000\040\000T\000o\000p\000i\000c\000\040\000M\000o\000d\000e\000l\000i\000n\000g}{section.230}% 76
\BOOKMARK [2][-]{subsection.234}{\376\377\0008\000.\0002\000.\0004\000\040\000E\000v\000e\000n\000t\000-\000s\000p\000e\000c\000i\000f\000i\000c\000\040\000R\000e\000c\000o\000m\000m\000e\000n\000d\000a\000t\000i\000o\000n\000s}{section.230}% 77
\BOOKMARK [2][-]{subsection.235}{\376\377\0008\000.\0002\000.\0005\000\040\000D\000i\000s\000t\000r\000i\000b\000u\000t\000e\000d\000\040\000P\000r\000o\000c\000e\000s\000s\000i\000n\000g\000\040\000o\000f\000\040\000E\000v\000e\000n\000t\000I\000d\000e\000n\000t\000i\000t\000y\000I\000n\000f\000o\000G\000r\000a\000p\000h}{section.230}% 78
\BOOKMARK [2][-]{subsection.236}{\376\377\0008\000.\0002\000.\0006\000\040\000E\000v\000e\000n\000t\000\040\000O\000n\000t\000o\000l\000o\000g\000y\000\040\000f\000o\000r\000\040\000S\000o\000c\000i\000a\000l\000\040\000M\000e\000d\000i\000a}{section.230}% 79
\BOOKMARK [0][-]{appendix.237}{\376\377\000A\000\040\000A\000p\000p\000e\000n\000d\000i\000x\000\040\000T\000i\000t\000l\000e\000\040\000H\000e\000r\000e}{}% 80
\BOOKMARK [0][-]{dummy.238}{\376\377\000B\000i\000b\000l\000i\000o\000g\000r\000a\000p\000h\000y}{}% 81
