This is pdfTeX, Version 3.1415926-2.4-1.40.13 (MiKTeX 2.9) (preloaded format=pdflatex 2013.10.18)  12 APR 2015 00:37
entering extended mode
**C:/Users/cisstudent/Documents/Phd*Defense/Thesis/main.tex
("C:/Users/cisstudent/Documents/Phd Defense/Thesis/main.tex"
LaTeX2e <2011/06/27>
Babel <v3.8m> and hyphenation patterns for english, afrikaans, ancientgreek, ar
abic, armenian, assamese, basque, bengali, bokmal, bulgarian, catalan, coptic, 
croatian, czech, danish, dutch, esperanto, estonian, farsi, finnish, french, ga
lician, german, german-x-2012-05-30, greek, gujarati, hindi, hungarian, iceland
ic, indonesian, interlingua, irish, italian, kannada, kurmanji, latin, latvian,
 lithuanian, malayalam, marathi, mongolian, mongolianlmc, monogreek, ngerman, n
german-x-2012-05-30, nynorsk, oriya, panjabi, pinyin, polish, portuguese, roman
ian, russian, sanskrit, serbian, slovak, slovenian, spanish, swedish, swissgerm
an, tamil, telugu, turkish, turkmen, ukenglish, ukrainian, uppersorbian, usengl
ishmax, welsh, loaded.
("C:\Users\cisstudent\Documents\Phd Defense\Thesis\Thesis.cls"
Document Class: Thesis 2007/22/02 v1.0 LaTeX document class
("C:\Program Files (x86)\MiKTeX 2.9\tex\latex\base\book.cls"
Document Class: book 2007/10/19 v1.4h Standard LaTeX document class
("C:\Program Files (x86)\MiKTeX 2.9\tex\latex\base\bk11.clo"
File: bk11.clo 2007/10/19 v1.4h Standard LaTeX file (size option)
)
\c@part=\count79
\c@chapter=\count80
\c@section=\count81
\c@subsection=\count82
\c@subsubsection=\count83
\c@paragraph=\count84
\c@subparagraph=\count85
\c@figure=\count86
\c@table=\count87
\abovecaptionskip=\skip41
\belowcaptionskip=\skip42
\bibindent=\dimen102
)
("C:\Program Files (x86)\MiKTeX 2.9\tex\latex\setspace\setspace.sty"
Package: setspace 2011/12/19 v6.7a set line spacing
)
("C:\Program Files (x86)\MiKTeX 2.9\tex\latex\ieeepes\vmargin.sty"
Package: vmargin 1999/06/01

Package `vmargin', V2.2, <1999/06/01>
\PaperWidth=\dimen103
\PaperHeight=\dimen104
) ("C:\Program Files (x86)\MiKTeX 2.9\tex\latex\base\inputenc.sty"
Package: inputenc 2008/03/30 v1.1d Input encoding file
\inpenc@prehook=\toks14
\inpenc@posthook=\toks15

("C:\Program Files (x86)\MiKTeX 2.9\tex\latex\base\utf8.def"
File: utf8.def 2008/04/05 v1.1m UTF-8 support for inputenc
Now handling font encoding OML ...
... no UTF-8 mapping file for font encoding OML
Now handling font encoding T1 ...
... processing UTF-8 mapping file for font encoding T1

("C:\Program Files (x86)\MiKTeX 2.9\tex\latex\base\t1enc.dfu"
File: t1enc.dfu 2008/04/05 v1.1m UTF-8 support for inputenc
   defining Unicode char U+00A1 (decimal 161)
   defining Unicode char U+00A3 (decimal 163)
   defining Unicode char U+00AB (decimal 171)
   defining Unicode char U+00BB (decimal 187)
   defining Unicode char U+00BF (decimal 191)
   defining Unicode char U+00C0 (decimal 192)
   defining Unicode char U+00C1 (decimal 193)
   defining Unicode char U+00C2 (decimal 194)
   defining Unicode char U+00C3 (decimal 195)
   defining Unicode char U+00C4 (decimal 196)
   defining Unicode char U+00C5 (decimal 197)
   defining Unicode char U+00C6 (decimal 198)
   defining Unicode char U+00C7 (decimal 199)
   defining Unicode char U+00C8 (decimal 200)
   defining Unicode char U+00C9 (decimal 201)
   defining Unicode char U+00CA (decimal 202)
   defining Unicode char U+00CB (decimal 203)
   defining Unicode char U+00CC (decimal 204)
   defining Unicode char U+00CD (decimal 205)
   defining Unicode char U+00CE (decimal 206)
   defining Unicode char U+00CF (decimal 207)
   defining Unicode char U+00D0 (decimal 208)
   defining Unicode char U+00D1 (decimal 209)
   defining Unicode char U+00D2 (decimal 210)
   defining Unicode char U+00D3 (decimal 211)
   defining Unicode char U+00D4 (decimal 212)
   defining Unicode char U+00D5 (decimal 213)
   defining Unicode char U+00D6 (decimal 214)
   defining Unicode char U+00D8 (decimal 216)
   defining Unicode char U+00D9 (decimal 217)
   defining Unicode char U+00DA (decimal 218)
   defining Unicode char U+00DB (decimal 219)
   defining Unicode char U+00DC (decimal 220)
   defining Unicode char U+00DD (decimal 221)
   defining Unicode char U+00DE (decimal 222)
   defining Unicode char U+00DF (decimal 223)
   defining Unicode char U+00E0 (decimal 224)
   defining Unicode char U+00E1 (decimal 225)
   defining Unicode char U+00E2 (decimal 226)
   defining Unicode char U+00E3 (decimal 227)
   defining Unicode char U+00E4 (decimal 228)
   defining Unicode char U+00E5 (decimal 229)
   defining Unicode char U+00E6 (decimal 230)
   defining Unicode char U+00E7 (decimal 231)
   defining Unicode char U+00E8 (decimal 232)
   defining Unicode char U+00E9 (decimal 233)
   defining Unicode char U+00EA (decimal 234)
   defining Unicode char U+00EB (decimal 235)
   defining Unicode char U+00EC (decimal 236)
   defining Unicode char U+00ED (decimal 237)
   defining Unicode char U+00EE (decimal 238)
   defining Unicode char U+00EF (decimal 239)
   defining Unicode char U+00F0 (decimal 240)
   defining Unicode char U+00F1 (decimal 241)
   defining Unicode char U+00F2 (decimal 242)
   defining Unicode char U+00F3 (decimal 243)
   defining Unicode char U+00F4 (decimal 244)
   defining Unicode char U+00F5 (decimal 245)
   defining Unicode char U+00F6 (decimal 246)
   defining Unicode char U+00F8 (decimal 248)
   defining Unicode char U+00F9 (decimal 249)
   defining Unicode char U+00FA (decimal 250)
   defining Unicode char U+00FB (decimal 251)
   defining Unicode char U+00FC (decimal 252)
   defining Unicode char U+00FD (decimal 253)
   defining Unicode char U+00FE (decimal 254)
   defining Unicode char U+00FF (decimal 255)
   defining Unicode char U+0102 (decimal 258)
   defining Unicode char U+0103 (decimal 259)
   defining Unicode char U+0104 (decimal 260)
   defining Unicode char U+0105 (decimal 261)
   defining Unicode char U+0106 (decimal 262)
   defining Unicode char U+0107 (decimal 263)
   defining Unicode char U+010C (decimal 268)
   defining Unicode char U+010D (decimal 269)
   defining Unicode char U+010E (decimal 270)
   defining Unicode char U+010F (decimal 271)
   defining Unicode char U+0110 (decimal 272)
   defining Unicode char U+0111 (decimal 273)
   defining Unicode char U+0118 (decimal 280)
   defining Unicode char U+0119 (decimal 281)
   defining Unicode char U+011A (decimal 282)
   defining Unicode char U+011B (decimal 283)
   defining Unicode char U+011E (decimal 286)
   defining Unicode char U+011F (decimal 287)
   defining Unicode char U+0130 (decimal 304)
   defining Unicode char U+0131 (decimal 305)
   defining Unicode char U+0132 (decimal 306)
   defining Unicode char U+0133 (decimal 307)
   defining Unicode char U+0139 (decimal 313)
   defining Unicode char U+013A (decimal 314)
   defining Unicode char U+013D (decimal 317)
   defining Unicode char U+013E (decimal 318)
   defining Unicode char U+0141 (decimal 321)
   defining Unicode char U+0142 (decimal 322)
   defining Unicode char U+0143 (decimal 323)
   defining Unicode char U+0144 (decimal 324)
   defining Unicode char U+0147 (decimal 327)
   defining Unicode char U+0148 (decimal 328)
   defining Unicode char U+014A (decimal 330)
   defining Unicode char U+014B (decimal 331)
   defining Unicode char U+0150 (decimal 336)
   defining Unicode char U+0151 (decimal 337)
   defining Unicode char U+0152 (decimal 338)
   defining Unicode char U+0153 (decimal 339)
   defining Unicode char U+0154 (decimal 340)
   defining Unicode char U+0155 (decimal 341)
   defining Unicode char U+0158 (decimal 344)
   defining Unicode char U+0159 (decimal 345)
   defining Unicode char U+015A (decimal 346)
   defining Unicode char U+015B (decimal 347)
   defining Unicode char U+015E (decimal 350)
   defining Unicode char U+015F (decimal 351)
   defining Unicode char U+0160 (decimal 352)
   defining Unicode char U+0161 (decimal 353)
   defining Unicode char U+0162 (decimal 354)
   defining Unicode char U+0163 (decimal 355)
   defining Unicode char U+0164 (decimal 356)
   defining Unicode char U+0165 (decimal 357)
   defining Unicode char U+016E (decimal 366)
   defining Unicode char U+016F (decimal 367)
   defining Unicode char U+0170 (decimal 368)
   defining Unicode char U+0171 (decimal 369)
   defining Unicode char U+0178 (decimal 376)
   defining Unicode char U+0179 (decimal 377)
   defining Unicode char U+017A (decimal 378)
   defining Unicode char U+017B (decimal 379)
   defining Unicode char U+017C (decimal 380)
   defining Unicode char U+017D (decimal 381)
   defining Unicode char U+017E (decimal 382)
   defining Unicode char U+200C (decimal 8204)
   defining Unicode char U+2013 (decimal 8211)
   defining Unicode char U+2014 (decimal 8212)
   defining Unicode char U+2018 (decimal 8216)
   defining Unicode char U+2019 (decimal 8217)
   defining Unicode char U+201A (decimal 8218)
   defining Unicode char U+201C (decimal 8220)
   defining Unicode char U+201D (decimal 8221)
   defining Unicode char U+201E (decimal 8222)
   defining Unicode char U+2030 (decimal 8240)
   defining Unicode char U+2031 (decimal 8241)
   defining Unicode char U+2039 (decimal 8249)
   defining Unicode char U+203A (decimal 8250)
   defining Unicode char U+2423 (decimal 9251)
)
Now handling font encoding OT1 ...
... processing UTF-8 mapping file for font encoding OT1

("C:\Program Files (x86)\MiKTeX 2.9\tex\latex\base\ot1enc.dfu"
File: ot1enc.dfu 2008/04/05 v1.1m UTF-8 support for inputenc
   defining Unicode char U+00A1 (decimal 161)
   defining Unicode char U+00A3 (decimal 163)
   defining Unicode char U+00B8 (decimal 184)
   defining Unicode char U+00BF (decimal 191)
   defining Unicode char U+00C5 (decimal 197)
   defining Unicode char U+00C6 (decimal 198)
   defining Unicode char U+00D8 (decimal 216)
   defining Unicode char U+00DF (decimal 223)
   defining Unicode char U+00E6 (decimal 230)
   defining Unicode char U+00EC (decimal 236)
   defining Unicode char U+00ED (decimal 237)
   defining Unicode char U+00EE (decimal 238)
   defining Unicode char U+00EF (decimal 239)
   defining Unicode char U+00F8 (decimal 248)
   defining Unicode char U+0131 (decimal 305)
   defining Unicode char U+0141 (decimal 321)
   defining Unicode char U+0142 (decimal 322)
   defining Unicode char U+0152 (decimal 338)
   defining Unicode char U+0153 (decimal 339)
   defining Unicode char U+2013 (decimal 8211)
   defining Unicode char U+2014 (decimal 8212)
   defining Unicode char U+2018 (decimal 8216)
   defining Unicode char U+2019 (decimal 8217)
   defining Unicode char U+201C (decimal 8220)
   defining Unicode char U+201D (decimal 8221)
)
Now handling font encoding OMS ...
... processing UTF-8 mapping file for font encoding OMS

("C:\Program Files (x86)\MiKTeX 2.9\tex\latex\base\omsenc.dfu"
File: omsenc.dfu 2008/04/05 v1.1m UTF-8 support for inputenc
   defining Unicode char U+00A7 (decimal 167)
   defining Unicode char U+00B6 (decimal 182)
   defining Unicode char U+00B7 (decimal 183)
   defining Unicode char U+2020 (decimal 8224)
   defining Unicode char U+2021 (decimal 8225)
   defining Unicode char U+2022 (decimal 8226)
)
Now handling font encoding OMX ...
... no UTF-8 mapping file for font encoding OMX
Now handling font encoding U ...
... no UTF-8 mapping file for font encoding U
   defining Unicode char U+00A9 (decimal 169)
   defining Unicode char U+00AA (decimal 170)
   defining Unicode char U+00AE (decimal 174)
   defining Unicode char U+00BA (decimal 186)
   defining Unicode char U+02C6 (decimal 710)
   defining Unicode char U+02DC (decimal 732)
   defining Unicode char U+200C (decimal 8204)
   defining Unicode char U+2026 (decimal 8230)
   defining Unicode char U+2122 (decimal 8482)
   defining Unicode char U+2423 (decimal 9251)
))
("C:\Program Files (x86)\MiKTeX 2.9\tex\latex\fancyhdr\fancyhdr.sty"
\fancy@headwidth=\skip43
\f@ncyO@elh=\skip44
\f@ncyO@erh=\skip45
\f@ncyO@olh=\skip46
\f@ncyO@orh=\skip47
\f@ncyO@elf=\skip48
\f@ncyO@erf=\skip49
\f@ncyO@olf=\skip50
\f@ncyO@orf=\skip51
)
("C:\Program Files (x86)\MiKTeX 2.9\tex\latex\amsmath\amsmath.sty"
Package: amsmath 2013/01/14 v2.14 AMS math features
\@mathmargin=\skip52

For additional information on amsmath, use the `?' option.
("C:\Program Files (x86)\MiKTeX 2.9\tex\latex\amsmath\amstext.sty"
Package: amstext 2000/06/29 v2.01

("C:\Program Files (x86)\MiKTeX 2.9\tex\latex\amsmath\amsgen.sty"
File: amsgen.sty 1999/11/30 v2.0
\@emptytoks=\toks16
\ex@=\dimen105
))
("C:\Program Files (x86)\MiKTeX 2.9\tex\latex\amsmath\amsbsy.sty"
Package: amsbsy 1999/11/29 v1.2d
\pmbraise@=\dimen106
)
("C:\Program Files (x86)\MiKTeX 2.9\tex\latex\amsmath\amsopn.sty"
Package: amsopn 1999/12/14 v2.01 operator names
)
\inf@bad=\count88
LaTeX Info: Redefining \frac on input line 210.
\uproot@=\count89
\leftroot@=\count90
LaTeX Info: Redefining \overline on input line 306.
\classnum@=\count91
\DOTSCASE@=\count92
LaTeX Info: Redefining \ldots on input line 378.
LaTeX Info: Redefining \dots on input line 381.
LaTeX Info: Redefining \cdots on input line 466.
\Mathstrutbox@=\box26
\strutbox@=\box27
\big@size=\dimen107
LaTeX Font Info:    Redeclaring font encoding OML on input line 566.
LaTeX Font Info:    Redeclaring font encoding OMS on input line 567.
\macc@depth=\count93
\c@MaxMatrixCols=\count94
\dotsspace@=\muskip10
\c@parentequation=\count95
\dspbrk@lvl=\count96
\tag@help=\toks17
\row@=\count97
\column@=\count98
\maxfields@=\count99
\andhelp@=\toks18
\eqnshift@=\dimen108
\alignsep@=\dimen109
\tagshift@=\dimen110
\tagwidth@=\dimen111
\totwidth@=\dimen112
\lineht@=\dimen113
\@envbody=\toks19
\multlinegap=\skip53
\multlinetaggap=\skip54
\mathdisplay@stack=\toks20
LaTeX Info: Redefining \[ on input line 2665.
LaTeX Info: Redefining \] on input line 2666.
)
("C:\Program Files (x86)\MiKTeX 2.9\tex\latex\amsfonts\amsfonts.sty"
Package: amsfonts 2013/01/14 v3.01 Basic AMSFonts support
\symAMSa=\mathgroup4
\symAMSb=\mathgroup5
LaTeX Font Info:    Overwriting math alphabet `\mathfrak' in version `bold'
(Font)                  U/euf/m/n --> U/euf/b/n on input line 106.
)
("C:\Program Files (x86)\MiKTeX 2.9\tex\latex\amsfonts\amssymb.sty"
Package: amssymb 2013/01/14 v3.01 AMS font symbols
)
("C:\Program Files (x86)\MiKTeX 2.9\tex\latex\amsmath\amscd.sty"
Package: amscd 1999/11/29 v2.0
\athelp@=\toks21
\minaw@=\dimen114
\bigaw@=\dimen115
\minCDarrowwidth=\dimen116
)
("C:\Program Files (x86)\MiKTeX 2.9\tex\latex\amscls\amsthm.sty"
Package: amsthm 2004/08/06 v2.20
\thm@style=\toks22
\thm@bodyfont=\toks23
\thm@headfont=\toks24
\thm@notefont=\toks25
\thm@headpunct=\toks26
\thm@preskip=\skip55
\thm@postskip=\skip56
\thm@headsep=\skip57
\dth@everypar=\toks27
)
("C:\Program Files (x86)\MiKTeX 2.9\tex\latex\tools\xspace.sty"
Package: xspace 2009/10/20 v1.13 Space after command names (DPC,MH)
)
\c@example=\count100
\c@theorem=\count101

("C:\Program Files (x86)\MiKTeX 2.9\tex\latex\caption\caption.sty"
Package: caption 2013/05/02 v3.3-89 Customizing captions (AR)

("C:\Program Files (x86)\MiKTeX 2.9\tex\latex\caption\caption3.sty"
Package: caption3 2013/05/02 v1.6-88 caption3 kernel (AR)
Package caption3 Info: TeX engine: e-TeX on input line 57.

("C:\Program Files (x86)\MiKTeX 2.9\tex\latex\graphics\keyval.sty"
Package: keyval 1999/03/16 v1.13 key=value parser (DPC)
\KV@toks@=\toks28
)
\captionmargin=\dimen117
\captionmargin@=\dimen118
\captionwidth=\dimen119
\caption@tempdima=\dimen120
\caption@indent=\dimen121
\caption@parindent=\dimen122
\caption@hangindent=\dimen123
)
\c@ContinuedFloat=\count102
)
("C:\Program Files (x86)\MiKTeX 2.9\tex\latex\graphics\graphicx.sty"
Package: graphicx 1999/02/16 v1.0f Enhanced LaTeX Graphics (DPC,SPQR)

("C:\Program Files (x86)\MiKTeX 2.9\tex\latex\graphics\graphics.sty"
Package: graphics 2009/02/05 v1.0o Standard LaTeX Graphics (DPC,SPQR)

("C:\Program Files (x86)\MiKTeX 2.9\tex\latex\graphics\trig.sty"
Package: trig 1999/03/16 v1.09 sin cos tan (DPC)
)
("C:\Program Files (x86)\MiKTeX 2.9\tex\latex\00miktex\graphics.cfg"
File: graphics.cfg 2007/01/18 v1.5 graphics configuration of teTeX/TeXLive
)
Package graphics Info: Driver file: pdftex.def on input line 91.

("C:\Program Files (x86)\MiKTeX 2.9\tex\latex\pdftex-def\pdftex.def"
File: pdftex.def 2011/05/27 v0.06d Graphics/color for pdfTeX

("C:\Program Files (x86)\MiKTeX 2.9\tex\generic\oberdiek\infwarerr.sty"
Package: infwarerr 2010/04/08 v1.3 Providing info/warning/error messages (HO)
)
("C:\Program Files (x86)\MiKTeX 2.9\tex\generic\oberdiek\ltxcmds.sty"
Package: ltxcmds 2011/11/09 v1.22 LaTeX kernel commands for general use (HO)
)
\Gread@gobject=\count103
))
\Gin@req@height=\dimen124
\Gin@req@width=\dimen125
)
("C:\Program Files (x86)\MiKTeX 2.9\tex\latex\oberdiek\epstopdf.sty"
Package: epstopdf 2010/02/09 v2.5 Conversion with epstopdf on the fly (HO)

("C:\Program Files (x86)\MiKTeX 2.9\tex\latex\oberdiek\epstopdf-base.sty"
Package: epstopdf-base 2010/02/09 v2.5 Base part for package epstopdf

("C:\Program Files (x86)\MiKTeX 2.9\tex\latex\oberdiek\grfext.sty"
Package: grfext 2010/08/19 v1.1 Manage graphics extensions (HO)

("C:\Program Files (x86)\MiKTeX 2.9\tex\generic\oberdiek\kvdefinekeys.sty"
Package: kvdefinekeys 2011/04/07 v1.3 Define keys (HO)
))
("C:\Program Files (x86)\MiKTeX 2.9\tex\latex\oberdiek\kvoptions.sty"
Package: kvoptions 2011/06/30 v3.11 Key value format for package options (HO)

("C:\Program Files (x86)\MiKTeX 2.9\tex\generic\oberdiek\kvsetkeys.sty"
Package: kvsetkeys 2012/04/25 v1.16 Key value parser (HO)

("C:\Program Files (x86)\MiKTeX 2.9\tex\generic\oberdiek\etexcmds.sty"
Package: etexcmds 2011/02/16 v1.5 Avoid name clashes with e-TeX commands (HO)

("C:\Program Files (x86)\MiKTeX 2.9\tex\generic\oberdiek\ifluatex.sty"
Package: ifluatex 2010/03/01 v1.3 Provides the ifluatex switch (HO)
Package ifluatex Info: LuaTeX not detected.
)
Package etexcmds Info: Could not find \expanded.
(etexcmds)             That can mean that you are not using pdfTeX 1.50 or
(etexcmds)             that some package has redefined \expanded.
(etexcmds)             In the latter case, load this package earlier.
)))
("C:\Program Files (x86)\MiKTeX 2.9\tex\generic\oberdiek\pdftexcmds.sty"
Package: pdftexcmds 2011/11/29 v0.20 Utility functions of pdfTeX for LuaTeX (HO
)

("C:\Program Files (x86)\MiKTeX 2.9\tex\generic\oberdiek\ifpdf.sty"
Package: ifpdf 2011/01/30 v2.3 Provides the ifpdf switch (HO)
Package ifpdf Info: pdfTeX in PDF mode is detected.
)
Package pdftexcmds Info: LuaTeX not detected.
Package pdftexcmds Info: \pdf@primitive is available.
Package pdftexcmds Info: \pdf@ifprimitive is available.
Package pdftexcmds Info: \pdfdraftmode found.
)
Package grfext Info: Graphics extension search list:
(grfext)             [.png,.pdf,.jpg,.mps,.jpeg,.jbig2,.jb2,.PNG,.PDF,.JPG,.JPE
G,.JBIG2,.JB2,.eps]
(grfext)             \AppendGraphicsExtensions on input line 452.
))
("C:\Program Files (x86)\MiKTeX 2.9\tex\latex\booktabs\booktabs.sty"
Package: booktabs 2005/04/14 v1.61803 publication quality tables
\heavyrulewidth=\dimen126
\lightrulewidth=\dimen127
\cmidrulewidth=\dimen128
\belowrulesep=\dimen129
\belowbottomsep=\dimen130
\aboverulesep=\dimen131
\abovetopsep=\dimen132
\cmidrulesep=\dimen133
\cmidrulekern=\dimen134
\defaultaddspace=\dimen135
\@cmidla=\count104
\@cmidlb=\count105
\@aboverulesep=\dimen136
\@belowrulesep=\dimen137
\@thisruleclass=\count106
\@lastruleclass=\count107
\@thisrulewidth=\dimen138
)
("C:\Program Files (x86)\MiKTeX 2.9\tex\latex\rotating\rotating.sty"
Package: rotating 2009/03/28 v2.16a rotated objects in LaTeX

("C:\Program Files (x86)\MiKTeX 2.9\tex\latex\base\ifthen.sty"
Package: ifthen 2001/05/26 v1.1c Standard LaTeX ifthen package (DPC)
)
\c@r@tfl@t=\count108
\rotFPtop=\skip58
\rotFPbot=\skip59
\rot@float@box=\box28
\rot@mess@toks=\toks29
)
("C:\Program Files (x86)\MiKTeX 2.9\tex\latex\listings\listings.sty"
\lst@mode=\count109
\lst@gtempboxa=\box29
\lst@token=\toks30
\lst@length=\count110
\lst@currlwidth=\dimen139
\lst@column=\count111
\lst@pos=\count112
\lst@lostspace=\dimen140
\lst@width=\dimen141
\lst@newlines=\count113
\lst@lineno=\count114
\lst@maxwidth=\dimen142

("C:\Users\cisstudent\Documents\Phd Defense\Thesis\lstpatch.sty"

***
*** This is a patch for listings 1.3, but you're using
*** version 1.5b.
***
*** Patch file not loaded.
***

) ("C:\Program Files (x86)\MiKTeX 2.9\tex\latex\listings\lstmisc.sty"
File: lstmisc.sty 2013/08/26 1.5b (Carsten Heinz)
\c@lstnumber=\count115
\lst@skipnumbers=\count116
\lst@framebox=\box30
)
("C:\Program Files (x86)\MiKTeX 2.9\tex\latex\listings\listings.cfg"
File: listings.cfg 2013/08/26 1.5b listings configuration
))
Package: listings 2013/08/26 1.5b (Carsten Heinz)

("C:\Users\cisstudent\Documents\Phd Defense\Thesis\lstpatch.sty"

***
*** This is a patch for listings 1.3, but you're using
*** version 1.5b.
***
 *** Patch file not loaded.
***

) ("C:\Program Files (x86)\MiKTeX 2.9\tex\latex\hyperref\hyperref.sty"
Package: hyperref 2012/11/06 v6.83m Hypertext links for LaTeX

("C:\Program Files (x86)\MiKTeX 2.9\tex\generic\oberdiek\hobsub-hyperref.sty"
Package: hobsub-hyperref 2012/04/25 v1.12 Bundle oberdiek, subset hyperref (HO)


("C:\Program Files (x86)\MiKTeX 2.9\tex\generic\oberdiek\hobsub-generic.sty"
Package: hobsub-generic 2012/04/25 v1.12 Bundle oberdiek, subset generic (HO)
Package: hobsub 2012/04/25 v1.12 Construct package bundles (HO)
Package hobsub Info: Skipping package `infwarerr' (already loaded).
Package hobsub Info: Skipping package `ltxcmds' (already loaded).
Package hobsub Info: Skipping package `ifluatex' (already loaded).
Package: ifvtex 2010/03/01 v1.5 Detect VTeX and its facilities (HO)
Package ifvtex Info: VTeX not detected.
Package: intcalc 2007/09/27 v1.1 Expandable calculations with integers (HO)
Package hobsub Info: Skipping package `ifpdf' (already loaded).
Package hobsub Info: Skipping package `etexcmds' (already loaded).
Package hobsub Info: Skipping package `kvsetkeys' (already loaded).
Package hobsub Info: Skipping package `kvdefinekeys' (already loaded).
Package hobsub Info: Skipping package `pdftexcmds' (already loaded).
Package: pdfescape 2011/11/25 v1.13 Implements pdfTeX's escape features (HO)
Package: bigintcalc 2012/04/08 v1.3 Expandable calculations on big integers (HO
)
Package: bitset 2011/01/30 v1.1 Handle bit-vector datatype (HO)
Package: uniquecounter 2011/01/30 v1.2 Provide unlimited unique counter (HO)
)
Package hobsub Info: Skipping package `hobsub' (already loaded).
Package: letltxmacro 2010/09/02 v1.4 Let assignment for LaTeX macros (HO)
Package: hopatch 2011/06/24 v1.1 Wrapper for package hooks (HO)
Package: xcolor-patch 2011/01/30 xcolor patch
Package: atveryend 2011/06/30 v1.8 Hooks at the very end of document (HO)
Package atveryend Info: \enddocument detected (standard20110627).
Package: atbegshi 2011/10/05 v1.16 At begin shipout hook (HO)
Package: refcount 2011/10/16 v3.4 Data extraction from label references (HO)
Package: hycolor 2011/01/30 v1.7 Color options for hyperref/bookmark (HO)
)
("C:\Program Files (x86)\MiKTeX 2.9\tex\generic\ifxetex\ifxetex.sty"
Package: ifxetex 2010/09/12 v0.6 Provides ifxetex conditional
)
("C:\Program Files (x86)\MiKTeX 2.9\tex\latex\oberdiek\auxhook.sty"
Package: auxhook 2011/03/04 v1.3 Hooks for auxiliary files (HO)
)
\@linkdim=\dimen143
\Hy@linkcounter=\count117
\Hy@pagecounter=\count118

("C:\Program Files (x86)\MiKTeX 2.9\tex\latex\hyperref\pd1enc.def"
File: pd1enc.def 2012/11/06 v6.83m Hyperref: PDFDocEncoding definition (HO)
Now handling font encoding PD1 ...
... no UTF-8 mapping file for font encoding PD1
)
\Hy@SavedSpaceFactor=\count119

("C:\Program Files (x86)\MiKTeX 2.9\tex\latex\00miktex\hyperref.cfg"
File: hyperref.cfg 2002/06/06 v1.2 hyperref configuration of TeXLive
)
Package hyperref Info: Option `bookmarks' set `true' on input line 4319.
Package hyperref Info: Option `bookmarksopen' set `true' on input line 4319.
Package hyperref Info: Option `bookmarksnumbered' set `true' on input line 4319
.
Package hyperref Info: Option `hypertexnames' set `false' on input line 4319.
Package hyperref Info: Option `colorlinks' set `true' on input line 4319.
Package hyperref Info: Option `unicode' set `true' on input line 4319.

("C:\Program Files (x86)\MiKTeX 2.9\tex\latex\hyperref\puenc.def"
File: puenc.def 2012/11/06 v6.83m Hyperref: PDF Unicode definition (HO)
Now handling font encoding PU ...
... no UTF-8 mapping file for font encoding PU
)
Package hyperref Info: Option `breaklinks' set `true' on input line 4319.
Package hyperref Info: Hyper figures OFF on input line 4443.
Package hyperref Info: Link nesting OFF on input line 4448.
Package hyperref Info: Hyper index ON on input line 4451.
Package hyperref Info: Plain pages OFF on input line 4458.
Package hyperref Info: Backreferencing OFF on input line 4463.
Package hyperref Info: Implicit mode ON; LaTeX internals redefined.
Package hyperref Info: Bookmarks ON on input line 4688.
\c@Hy@tempcnt=\count120

("C:\Program Files (x86)\MiKTeX 2.9\tex\latex\ltxmisc\url.sty"
\Urlmuskip=\muskip11
Package: url 2006/04/12  ver 3.3  Verb mode for urls, etc.
)
LaTeX Info: Redefining \url on input line 5041.
\XeTeXLinkMargin=\dimen144
\Fld@menulength=\count121
\Field@Width=\dimen145
\Fld@charsize=\dimen146
Package hyperref Info: Hyper figures OFF on input line 6295.
Package hyperref Info: Link nesting OFF on input line 6300.
Package hyperref Info: Hyper index ON on input line 6303.
Package hyperref Info: backreferencing OFF on input line 6310.
Package hyperref Info: Link coloring ON on input line 6313.
Package hyperref Info: Link coloring with OCG OFF on input line 6320.
Package hyperref Info: PDF/A mode OFF on input line 6325.
LaTeX Info: Redefining \ref on input line 6365.
LaTeX Info: Redefining \pageref on input line 6369.
\Hy@abspage=\count122
\c@Item=\count123
\c@Hfootnote=\count124
)

Package hyperref Message: Driver (autodetected): hpdftex.

("C:\Program Files (x86)\MiKTeX 2.9\tex\latex\hyperref\hpdftex.def"
File: hpdftex.def 2012/11/06 v6.83m Hyperref driver for pdfTeX
\Fld@listcount=\count125
\c@bookmark@seq@number=\count126

("C:\Program Files (x86)\MiKTeX 2.9\tex\latex\oberdiek\rerunfilecheck.sty"
Package: rerunfilecheck 2011/04/15 v1.7 Rerun checks for auxiliary files (HO)
Package uniquecounter Info: New unique counter `rerunfilecheck' on input line 2
82.
)
\Hy@SectionHShift=\skip60
)
\c@dummy=\count127

("C:\Program Files (x86)\MiKTeX 2.9\tex\latex\tools\longtable.sty"
Package: longtable 2004/02/01 v4.11 Multi-page Table package (DPC)
\LTleft=\skip61
\LTright=\skip62
\LTpre=\skip63
\LTpost=\skip64
\LTchunksize=\count128
\LTcapwidth=\dimen147
\LT@head=\box31
\LT@firsthead=\box32
\LT@foot=\box33
\LT@lastfoot=\box34
\LT@cols=\count129
\LT@rows=\count130
\c@LT@tables=\count131
\c@LT@chunks=\count132
\LT@p@ftn=\toks31
))
("C:\Program Files (x86)\MiKTeX 2.9\tex\latex\natbib\natbib.sty"
Package: natbib 2010/09/13 8.31b (PWD, AO)
\bibhang=\skip65
\bibsep=\skip66
LaTeX Info: Redefining \cite on input line 694.
\c@NAT@ctr=\count133
)
("C:\Program Files (x86)\MiKTeX 2.9\tex\latex\caption\subcaption.sty"
Package: subcaption 2013/02/03 v1.1-62 Sub-captions (AR)
\c@subfigure=\count134
\c@subtable=\count135
)
("C:\Program Files (x86)\MiKTeX 2.9\tex\latex\multirow\multirow.sty"
\bigstrutjot=\dimen148
)
("C:\Program Files (x86)\MiKTeX 2.9\tex\latex\mdwtools\footnote.sty"
Package: footnote 1997/01/28 1.13 Save footnotes around boxes
\fn@notes=\box35
\fn@width=\dimen149
)
("C:\Program Files (x86)\MiKTeX 2.9\tex\latex\algorithm2e\algorithm2e.sty"
Package: algorithm2e 2013/01/06 v5.00 algorithms environments
\c@AlgoLine=\count136

("C:\Program Files (x86)\MiKTeX 2.9\tex\latex\ltxmisc\relsize.sty"
Package: relsize 2003/07/04 ver 3.1
)
********************************************************
Package `algorithm2e' Release 5.0 -- january 06 2013 --
- algorithm2e-announce@lirmm.fr mailing list for announcement about releases
- algorithm2e-discussion@lirmm.fr mailing list for discussion about package
subscribe by emailing sympa@lirmm.fr with 'subscribe <list> <firstname name>'
- Author: Christophe Fiorio (cfiorio@um2.fr)
********************************************************
\skiptotal=\skip67
\skiplinenumber=\skip68
\skiprule=\skip69
\skiphlne=\skip70
\skiptext=\skip71
\skiplength=\skip72
\algomargin=\skip73
\skipalgocfslide=\skip74
\algowidth=\dimen150
\inoutsize=\dimen151
\inoutindent=\dimen152
\interspacetitleruled=\dimen153
\interspacealgoruled=\dimen154
\interspacetitleboxruled=\dimen155
\algocf@inoutbox=\box36
\algocf@inputbox=\box37
\AlCapSkip=\skip75
\AlCapHSkip=\skip76
\algoskipindent=\skip77
\algocf@nlbox=\box38
\algocf@hangingbox=\box39
\algocf@untilbox=\box40
\algocf@skipuntil=\skip78
\algocf@capbox=\box41
\algoheightruledefault=\skip79
\algoheightrule=\skip80
\algotitleheightruledefault=\skip81
\algotitleheightrule=\skip82
\c@algocfline=\count137
\c@algocfproc=\count138
\c@algocf=\count139
\algocf@algoframe=\box42
\algocf@algobox=\box43
) ("C:\Program Files (x86)\MiKTeX 2.9\tex\latex\titlesec\titlesec.sty"
Package: titlesec 2011/12/15 v2.10.0 Sectioning titles
\ttl@box=\box44
\beforetitleunit=\skip83
\aftertitleunit=\skip84
\ttl@plus=\dimen156
\ttl@minus=\dimen157
\ttl@toksa=\toks32
\titlewidth=\dimen158
\titlewidthlast=\dimen159
\titlewidthfirst=\dimen160
)
Package hyperref Info: Option `colorlinks' set `true' on input line 43.

("C:\Users\cisstudent\Documents\Phd Defense\Thesis\main.aux"

LaTeX Warning: Label `millionsmarchndcg' multiply defined.


LaTeX Warning: Label `sydneysiegendcg' multiply defined.

)
LaTeX Font Info:    Checking defaults for OML/cmm/m/it on input line 46.
LaTeX Font Info:    ... okay on input line 46.
LaTeX Font Info:    Checking defaults for T1/cmr/m/n on input line 46.
LaTeX Font Info:    ... okay on input line 46.
LaTeX Font Info:    Checking defaults for OT1/cmr/m/n on input line 46.
LaTeX Font Info:    ... okay on input line 46.
LaTeX Font Info:    Checking defaults for OMS/cmsy/m/n on input line 46.
LaTeX Font Info:    ... okay on input line 46.
LaTeX Font Info:    Checking defaults for OMX/cmex/m/n on input line 46.
LaTeX Font Info:    ... okay on input line 46.
LaTeX Font Info:    Checking defaults for U/cmr/m/n on input line 46.
LaTeX Font Info:    ... okay on input line 46.
LaTeX Font Info:    Checking defaults for PD1/pdf/m/n on input line 46.
LaTeX Font Info:    ... okay on input line 46.
LaTeX Font Info:    Checking defaults for PU/pdf/m/n on input line 46.
LaTeX Font Info:    ... okay on input line 46.
Package caption Info: Begin \AtBeginDocument code.
Package caption Info: hyperref package is loaded.
Package caption Info: listings package is loaded.
Package caption Info: longtable package is loaded.
 ("C:\Program Files (x86)\MiKTeX 2.9\tex\latex\caption\ltcaption.sty"
Package: ltcaption 2013/02/03 v1.3-62 longtable captions (AR)
)
Package caption Info: rotating package is loaded.
Package caption Info: End \AtBeginDocument code.

("C:\Program Files (x86)\MiKTeX 2.9\tex\context\base\supp-pdf.mkii"
[Loading MPS to PDF converter (version 2006.09.02).]
\scratchcounter=\count140
\scratchdimen=\dimen161
\scratchbox=\box45
\nofMPsegments=\count141
\nofMParguments=\count142
\everyMPshowfont=\toks33
\MPscratchCnt=\count143
\MPscratchDim=\dimen162
\MPnumerator=\count144
\makeMPintoPDFobject=\count145
\everyMPtoPDFconversion=\toks34
)
\c@lstlisting=\count146
\AtBeginShipoutBox=\box46
 ("C:\Program Files (x86)\MiKTeX 2.9\tex\latex\graphics\color.sty"
Package: color 2005/11/14 v1.0j Standard LaTeX Color (DPC)

("C:\Program Files (x86)\MiKTeX 2.9\tex\latex\00miktex\color.cfg"
File: color.cfg 2007/01/18 v1.5 color configuration of teTeX/TeXLive
)
Package color Info: Driver file: pdftex.def on input line 130.
)
Package hyperref Info: Link coloring ON on input line 46.

("C:\Program Files (x86)\MiKTeX 2.9\tex\latex\hyperref\nameref.sty"
Package: nameref 2012/10/27 v2.43 Cross-referencing by name of section

("C:\Program Files (x86)\MiKTeX 2.9\tex\generic\oberdiek\gettitlestring.sty"
Package: gettitlestring 2010/12/03 v1.4 Cleanup title references (HO)
)
\c@section@level=\count147
)
LaTeX Info: Redefining \ref on input line 46.
LaTeX Info: Redefining \pageref on input line 46.
LaTeX Info: Redefining \nameref on input line 46.

("C:\Users\cisstudent\Documents\Phd Defense\Thesis\main.out")
("C:\Users\cisstudent\Documents\Phd Defense\Thesis\main.out")
\@outlinefile=\write3
LaTeX Font Info:    Try loading font information for U+msa on input line 86.

("C:\Program Files (x86)\MiKTeX 2.9\tex\latex\amsfonts\umsa.fd"
File: umsa.fd 2013/01/14 v3.01 AMS symbols A
)
LaTeX Font Info:    Try loading font information for U+msb on input line 86.

("C:\Program Files (x86)\MiKTeX 2.9\tex\latex\amsfonts\umsb.fd"
File: umsb.fd 2013/01/14 v3.01 AMS symbols B
) [1



{C:/ProgramData/MiKTeX/2.9/pdftex/config/pdftex.map}]
------------------------------------------------------------------------------
 Declaration of Authorship
------------------------------------------------------------------------------

Underfull \hbox (badness 10000) in paragraph at lines 131--131

 []

[1] [2

]
------------------------------------------------------------------------------
 Abstract Page
------------------------------------------------------------------------------
[3

]
------------------------------------------------------------------------------
 Acknowledgements
------------------------------------------------------------------------------
[4

]
------------------------------------------------------------------------------
 Table of Contents
------------------------------------------------------------------------------
("C:\Users\cisstudent\Documents\Phd Defense\Thesis\main.toc" [5


]
Overfull \hbox (8.20874pt too wide) in paragraph at lines 71--71
 [][] [][][]\OT1/cmr/m/n/10.95 Difference be-tween In-for-ma-tive and Event-spe
cific In-for-ma-tive Tweets:[][] [][]  
 []

[6]
Overfull \hbox (6.44469pt too wide) in paragraph at lines 97--97
 [][] [][]\OT1/cmr/m/n/10.95 Top Five Event-specific In-for-ma-tive URLs for Mi
l-lions March 
 []

[7])
\tf@toc=\write4
 [8]
------------------------------------------------------------------------------
 List of Figures
------------------------------------------------------------------------------
("C:\Users\cisstudent\Documents\Phd Defense\Thesis\main.lof" [9


])
\tf@lof=\write5
 [10]
------------------------------------------------------------------------------
 List of Tables
------------------------------------------------------------------------------
("C:\Users\cisstudent\Documents\Phd Defense\Thesis\main.lot")
\tf@lot=\write6
 [11


]
------------------------------------------------------------------------------
 Dedicatory
------------------------------------------------------------------------------
[12

]
<Figures/EIIMComponents/fullFramework.jpg, id=727, 1697.5922pt x 808.52063pt>
File: Figures/EIIMComponents/fullFramework.jpg Graphic file (type jpg)

<use Figures/EIIMComponents/fullFramework.jpg>
Package pdftex.def Info: Figures/EIIMComponents/fullFramework.jpg used on input
 line 279.
(pdftex.def)             Requested size: 441.00092pt x 227.61794pt.

Overfull \hbox (23.52785pt too wide) in paragraph at lines 279--280
 [][] 
 []

LaTeX Font Info:    Try loading font information for OMS+cmr on input line 284.

("C:\Program Files (x86)\MiKTeX 2.9\tex\latex\base\omscmr.fd"
File: omscmr.fd 1999/05/25 v2.5h Standard LaTeX font definitions
)
LaTeX Font Info:    Font shape `OMS/cmr/m/n' in size <10.95> not available
(Font)              Font shape `OMS/cmsy/m/n' tried instead on input line 284.
 [13


 <C:/Users/cisstudent/Documents/Phd Defense/Thesis/Figures/EIIMComponents/fullF
ramework.jpg>] [14] [15]
("C:\Users\cisstudent\Documents\Phd Defense\Thesis\Chapters/Chapter1.tex"
Chapter 1.
------------------------------------------------------------------------------
 1 Introduction
------------------------------------------------------------------------------
[1


]
Underfull \hbox (badness 10000) in paragraph at lines 25--25
[][][]\OT1/cmr/m/n/9 https://www.brightplanet.com/2013/06/twitter-firehose-vs-t
witter-api-whats-the-difference-and-
 []

[2]) ("C:\Users\cisstudent\Documents\Phd Defense\Thesis\Chapters/Chapter2.tex"
[3] [4]
Chapter 2.
------------------------------------------------------------------------------
 2 Defining Events
------------------------------------------------------------------------------
) ("C:\Users\cisstudent\Documents\Phd Defense\Thesis\Chapters/Chapter3.tex"
[5

]
Chapter 3.
------------------------------------------------------------------------------
 3 Event Identity Information Management Life Cycle
------------------------------------------------------------------------------

<Figures/EIIMComponents/IdentityIntegrity.jpg, id=790, 687.31781pt x 528.47438p
t>
File: Figures/EIIMComponents/IdentityIntegrity.jpg Graphic file (type jpg)
 <use Figures/EIIMComponents/IdentityIntegrity.jpg>
Package pdftex.def Info: Figures/EIIMComponents/IdentityIntegrity.jpg used on i
nput line 14.
(pdftex.def)             Requested size: 398.34047pt x 312.98256pt.

<Figures/EIIMComponents/EventReferenceCollection.jpg, id=791, 686.565pt x 529.9
8pt>
File: Figures/EIIMComponents/EventReferenceCollection.jpg Graphic file (type jp
g)
 <use Figures/EIIMComponents/EventReferenceCollection.jpg>
Package pdftex.def Info: Figures/EIIMComponents/EventReferenceCollection.jpg us
ed on input line 22.
(pdftex.def)             Requested size: 398.3337pt x 312.98468pt.
 [6

 <C:/Users/cisstudent/Documents/Phd Defense/Thesis/Figures/EIIMComponents/Ident
ityIntegrity.jpg>]
<Figures/EIIMComponents/EventReferencePreparation.jpg, id=796, 686.565pt x 529.
98pt>
File: Figures/EIIMComponents/EventReferencePreparation.jpg Graphic file (type j
pg)
 <use Figures/EIIMComponents/EventReferencePreparation.jpg>
Package pdftex.def Info: Figures/EIIMComponents/EventReferencePreparation.jpg u
sed on input line 30.
(pdftex.def)             Requested size: 398.3337pt x 312.98468pt.

<Figures/EIIMComponents/EventInformationQuality.jpg, id=797, 686.565pt x 529.98
pt>
File: Figures/EIIMComponents/EventInformationQuality.jpg Graphic file (type jpg
)
 <use Figures/EIIMComponents/EventInformationQuality.jpg>
Package pdftex.def Info: Figures/EIIMComponents/EventInformationQuality.jpg use
d on input line 38.
(pdftex.def)             Requested size: 398.3337pt x 312.98468pt.

<Figures/EIIMComponents/EventIdentityInformationCapture.jpg, id=798, 722.7pt x 
535.2497pt>
File: Figures/EIIMComponents/EventIdentityInformationCapture.jpg Graphic file (
type jpg)
 <use Figures/EIIMComponents/EventIdentityInformationCapture.jpg>
Package pdftex.def Info: Figures/EIIMComponents/EventIdentityInformationCapture
.jpg used on input line 46.
(pdftex.def)             Requested size: 398.33534pt x 312.99321pt.

<Figures/EIIMComponents/EventIdentityInformationStructure.jpg, id=799, 686.565p
t x 529.98pt>
File: Figures/EIIMComponents/EventIdentityInformationStructure.jpg Graphic file
 (type jpg)

<use Figures/EIIMComponents/EventIdentityInformationStructure.jpg>
Package pdftex.def Info: Figures/EIIMComponents/EventIdentityInformationStructu
re.jpg used on input line 54.
(pdftex.def)             Requested size: 398.3337pt x 312.98468pt.

<Figures/EIIMComponents/EventIdentityInformationProcessing.jpg, id=800, 686.565
pt x 529.98pt>
File: Figures/EIIMComponents/EventIdentityInformationProcessing.jpg Graphic fil
e (type jpg)

<use Figures/EIIMComponents/EventIdentityInformationProcessing.jpg>
Package pdftex.def Info: Figures/EIIMComponents/EventIdentityInformationProcess
ing.jpg used on input line 62.
(pdftex.def)             Requested size: 398.3337pt x 312.98468pt.

<Figures/EIIMComponents/EventReferenceResolution.jpg, id=801, 686.565pt x 529.9
8pt>
File: Figures/EIIMComponents/EventReferenceResolution.jpg Graphic file (type jp
g)
 <use Figures/EIIMComponents/EventReferenceResolution.jpg>
Package pdftex.def Info: Figures/EIIMComponents/EventReferenceResolution.jpg us
ed on input line 70.
(pdftex.def)             Requested size: 398.3337pt x 312.98468pt.

<Figures/EIIMComponents/EventAnalytics.jpg, id=802, 689.57625pt x 529.22719pt>
File: Figures/EIIMComponents/EventAnalytics.jpg Graphic file (type jpg)

<use Figures/EIIMComponents/EventAnalytics.jpg>
Package pdftex.def Info: Figures/EIIMComponents/EventAnalytics.jpg used on inpu
t line 77.
(pdftex.def)             Requested size: 398.34462pt x 312.98427pt.
 [7 <C:/Users/cisstudent/Documents/Phd Defense/Thesis/Figures/EIIMComponents/Ev
entReferenceCollection.jpg>]
[8 <C:/Users/cisstudent/Documents/Phd Defense/Thesis/Figures/EIIMComponents/Eve
ntReferencePreparation.jpg> <C:/Users/cisstudent/Documents/Phd Defense/Thesis/F
igures/EIIMComponents/EventInformationQuality.jpg>] [9 <C:/Users/cisstudent/Doc
uments/Phd Defense/Thesis/Figures/EIIMComponents/EventIdentityInformationCaptur
e.jpg> <C:/Users/cisstudent/Documents/Phd Defense/Thesis/Figures/EIIMComponents
/EventIdentityInformationStructure.jpg>] [10 <C:/Users/cisstudent/Documents/Phd
 Defense/Thesis/Figures/EIIMComponents/EventIdentityInformationProcessing.jpg> 
<C:/Users/cisstudent/Documents/Phd Defense/Thesis/Figures/EIIMComponents/EventR
eferenceResolution.jpg>])
("C:\Users\cisstudent\Documents\Phd Defense\Thesis\Chapters/Chapter4.tex"
[11 <C:/Users/cisstudent/Documents/Phd Defense/Thesis/Figures/EIIMComponents/Ev
entAnalytics.jpg>]
Chapter 4.
------------------------------------------------------------------------------
 4 Identifying Event-specific Sources from the Blogosphere
------------------------------------------------------------------------------
------------------------------------------------------------------------------
 Abstract Page
------------------------------------------------------------------------------
[12

] <Figures/Chapter3Figures/comp.pdf, id=833, 1931.215pt x 680.5425pt>
File: Figures/Chapter3Figures/comp.pdf Graphic file (type pdf)

<use Figures/Chapter3Figures/comp.pdf>
Package pdftex.def Info: Figures/Chapter3Figures/comp.pdf used on input line 23
.
(pdftex.def)             Requested size: 325.20808pt x 144.53807pt.
 [13

 <C:/Users/cisstudent/Documents/Phd Defense/Thesis/Figures/Chapter3Figures/comp
.pdf>]
<Figures/Chapter3Figures/touchgraph.jpg, id=877, 736.1904pt x 455.7828pt>
File: Figures/Chapter3Figures/touchgraph.jpg Graphic file (type jpg)

<use Figures/Chapter3Figures/touchgraph.jpg>
Package pdftex.def Info: Figures/Chapter3Figures/touchgraph.jpg used on input l
ine 32.
(pdftex.def)             Requested size: 325.20537pt x 252.94159pt.


Package hyperref Warning: Difference (3) between bookmark levels is greater 
(hyperref)                than one, level fixed on input line 43.


Package hyperref Warning: Token not allowed in a PDF string (Unicode):
(hyperref)                removing `\noindent' on input line 43.

[14 <C:/Users/cisstudent/Documents/Phd Defense/Thesis/Figures/Chapter3Figures/t
ouchgraph.jpg>]
<Figures/Chapter3Figures/LongTailVsShortHead.jpg, id=894, 649.67719pt x 356.833
13pt>
File: Figures/Chapter3Figures/LongTailVsShortHead.jpg Graphic file (type jpg)
 <use Figures/Chapter3Figures/LongTailVsShortHead.jpg>
Package pdftex.def Info: Figures/Chapter3Figures/LongTailVsShortHead.jpg used o
n input line 59.
(pdftex.def)             Requested size: 346.90471pt x 238.4889pt.


Package hyperref Warning: Difference (2) between bookmark levels is greater 
(hyperref)                than one, level fixed on input line 68.


Package hyperref Warning: Token not allowed in a PDF string (Unicode):
(hyperref)                removing `\noindent' on input line 68.

[15 <C:/Users/cisstudent/Documents/Phd Defense/Thesis/Figures/Chapter3Figures/L
ongTailVsShortHead.jpg>] [16]

Package natbib Warning: Citation `erkan2004lexrank' on page 17 undefined on inp
ut line 92.


<Figures/Chapter3Figures/frameworkIllustrated.jpg, id=935, 670.75594pt x 398.99
063pt>
File: Figures/Chapter3Figures/frameworkIllustrated.jpg Graphic file (type jpg)
 <use Figures/Chapter3Figures/frameworkIllustrated.jpg>
Package pdftex.def Info: Figures/Chapter3Figures/frameworkIllustrated.jpg used 
on input line 105.
(pdftex.def)             Requested size: 346.8914pt x 216.80937pt.


Package hyperref Warning: Difference (3) between bookmark levels is greater 
(hyperref)                than one, level fixed on input line 111.


Package hyperref Warning: Token not allowed in a PDF string (Unicode):
(hyperref)                removing `\noindent' on input line 111.


Package hyperref Warning: Difference (2) between bookmark levels is greater 
(hyperref)                than one, level fixed on input line 114.


Package hyperref Warning: The anchor of a bookmark and its parent's must not
(hyperref)                be the same. Added a new anchor on input line 114.


Package hyperref Warning: Token not allowed in a PDF string (Unicode):
(hyperref)                removing `\noindent' on input line 114.

[17]
<Figures/Chapter3Figures/entitySources.jpg, id=946, 660.21657pt x 482.55281pt>
File: Figures/Chapter3Figures/entitySources.jpg Graphic file (type jpg)

<use Figures/Chapter3Figures/entitySources.jpg>
Package pdftex.def Info: Figures/Chapter3Figures/entitySources.jpg used on inpu
t line 144.
(pdftex.def)             Requested size: 346.90096pt x 274.63089pt.
 [18 <C:/Users/cisstudent/Documents/Phd Defense/Thesis/Figures/Chapter3Figures/
frameworkIllustrated.jpg>]
[19 <C:/Users/cisstudent/Documents/Phd Defense/Thesis/Figures/Chapter3Figures/e
ntitySources.jpg>]

Package hyperref Warning: Difference (2) between bookmark levels is greater 
(hyperref)                than one, level fixed on input line 168.


Package hyperref Warning: The anchor of a bookmark and its parent's must not
(hyperref)                be the same. Added a new anchor on input line 168.


Package hyperref Warning: Token not allowed in a PDF string (Unicode):
(hyperref)                removing `\noindent' on input line 168.


Overfull \hbox (8.58836pt too wide) in paragraph at lines 168--169
[] [][] \OT1/cmr/bx/it/10.95 For-mu-la-tion of ini-tial close-ness scores: \OT1
/cmr/m/n/10.95 We cal-cu-late the `close-ness' score ($\OML/cmm/m/it/10.95 \OT
1/cmr/m/n/10.95 (\OML/cmm/m/it/10.95 e[]\OT1/cmr/m/n/10.95 )[]$)
 []

[20] [21]
<Figures/Chapter3Figures/graphnew.jpg, id=998, 280.79906pt x 383.18156pt>
File: Figures/Chapter3Figures/graphnew.jpg Graphic file (type jpg)

<use Figures/Chapter3Figures/graphnew.jpg>
Package pdftex.def Info: Figures/Chapter3Figures/graphnew.jpg used on input lin
e 225.
(pdftex.def)             Requested size: 202.35512pt x 289.09274pt.
 [22 <C:/Users/cisstudent/Documents/Phd Defense/Thesis/Figures/Chapter3Figures/
graphnew.jpg>]
<Figures/Chapter3Figures/algo.pdf, id=1007, 687.56876pt x 617.30624pt>
File: Figures/Chapter3Figures/algo.pdf Graphic file (type pdf)

<use Figures/Chapter3Figures/algo.pdf>
Package pdftex.def Info: Figures/Chapter3Figures/algo.pdf used on input line 27
9.
(pdftex.def)             Requested size: 325.21368pt x 289.08842pt.

Overfull \hbox (1.33447pt too wide) in paragraph at lines 288--289
[]\OT1/cmr/m/n/10.95 Following the Mu-tual Re-in-force-ment Prin-ci-ple the re-
la-tion-ships be-tween speci-ficity scores
 []

[23] [24 <C:/Users/cisstudent/Documents/Phd Defense/Thesis/Figures/Chapter3Figu
res/algo.pdf>] [25]

Package hyperref Warning: Difference (3) between bookmark levels is greater 
(hyperref)                than one, level fixed on input line 422.


Package hyperref Warning: Token not allowed in a PDF string (Unicode):
(hyperref)                removing `\noindent' on input line 422.

[26] [27]
<Figures/Chapter3Figures/Iteration.pdf, id=1070, 1067.99pt x 680.5425pt>
File: Figures/Chapter3Figures/Iteration.pdf Graphic file (type pdf)

<use Figures/Chapter3Figures/Iteration.pdf>
Package pdftex.def Info: Figures/Chapter3Figures/Iteration.pdf used on input li
ne 513.
(pdftex.def)             Requested size: 216.80457pt x 180.67519pt.
 [28 <C:/Users/cisstudent/Documents/Phd Defense/Thesis/Figures/Chapter3Figures/
Iteration.pdf>]
<Figures/Chapter3Figures/RankDistGoogle.jpg, id=1133, 1068.1506pt x 744.8628pt>
File: Figures/Chapter3Figures/RankDistGoogle.jpg Graphic file (type jpg)
<use Figures/Chapter3Figures/RankDistGoogle.jpg>
Package pdftex.def Info: Figures/Chapter3Figures/RankDistGoogle.jpg used on inp
ut line 525.
(pdftex.def)             Requested size: 252.93866pt x 144.53731pt.

<Figures/Chapter3Figures/RankDistIceRocket.jpg, id=1134, 1140.4206pt x 744.8628
pt>
File: Figures/Chapter3Figures/RankDistIceRocket.jpg Graphic file (type jpg)
 <use Figures/Chapter3Figures/RankDistIceRocket.jpg>
Package pdftex.def Info: Figures/Chapter3Figures/RankDistIceRocket.jpg used on 
input line 526.
(pdftex.def)             Requested size: 252.94667pt x 144.53731pt.

<Figures/Chapter3Figures/GrayedImages/googleEgyptCumulative.jpg, id=1135, 898.3
5625pt x 712.6625pt>
File: Figures/Chapter3Figures/GrayedImages/googleEgyptCumulative.jpg Graphic fi
le (type jpg)

<use Figures/Chapter3Figures/GrayedImages/googleEgyptCumulative.jpg>
Package pdftex.def Info: Figures/Chapter3Figures/GrayedImages/googleEgyptCumula
tive.jpg used on input line 536.
(pdftex.def)             Requested size: 166.22072pt x 166.21428pt.

<Figures/Chapter3Figures/GrayedImages/icerocketEgyptCumulative.jpg, id=1136, 86
6.23625pt x 733.74126pt>
File: Figures/Chapter3Figures/GrayedImages/icerocketEgyptCumulative.jpg Graphic
 file (type jpg)

<use Figures/Chapter3Figures/GrayedImages/icerocketEgyptCumulative.jpg>
Package pdftex.def Info: Figures/Chapter3Figures/GrayedImages/icerocketEgyptCum
ulative.jpg used on input line 537.
(pdftex.def)             Requested size: 180.67252pt x 166.21545pt.

<Figures/Chapter3Figures/GrayedImages/googleLibyaCumulative.jpg, id=1137, 884.3
0376pt x 735.74875pt>
File: Figures/Chapter3Figures/GrayedImages/googleLibyaCumulative.jpg Graphic fi
le (type jpg)

<use Figures/Chapter3Figures/GrayedImages/googleLibyaCumulative.jpg>
Package pdftex.def Info: Figures/Chapter3Figures/GrayedImages/googleLibyaCumula
tive.jpg used on input line 538.
(pdftex.def)             Requested size: 166.21135pt x 166.22115pt.

<Figures/Chapter3Figures/GrayedImages/icerocketLibyaCumulative.jpg, id=1138, 90
2.37125pt x 733.74126pt>
File: Figures/Chapter3Figures/GrayedImages/icerocketLibyaCumulative.jpg Graphic
 file (type jpg)

<use Figures/Chapter3Figures/GrayedImages/icerocketLibyaCumulative.jpg>
Package pdftex.def Info: Figures/Chapter3Figures/GrayedImages/icerocketLibyaCum
ulative.jpg used on input line 539.
(pdftex.def)             Requested size: 166.22008pt x 166.21545pt.

<Figures/Chapter3Figures/GrayedImages/googleTunisiaCumulative.jpg, id=1139, 104
3.9pt x 734.745pt>
File: Figures/Chapter3Figures/GrayedImages/googleTunisiaCumulative.jpg Graphic 
file (type jpg)

<use Figures/Chapter3Figures/GrayedImages/googleTunisiaCumulative.jpg>
Package pdftex.def Info: Figures/Chapter3Figures/GrayedImages/googleTunisiaCumu
lative.jpg used on input line 540.
(pdftex.def)             Requested size: 166.21504pt x 166.2186pt.

<Figures/Chapter3Figures/GrayedImages/icerocketTunisiaCumulatice.jpg, id=1140, 
866.23625pt x 732.7375pt>
File: Figures/Chapter3Figures/GrayedImages/icerocketTunisiaCumulatice.jpg Graph
ic file (type jpg)

<use Figures/Chapter3Figures/GrayedImages/icerocketTunisiaCumulatice.jpg>
Package pdftex.def Info: Figures/Chapter3Figures/GrayedImages/icerocketTunisiaC
umulatice.jpg used on input line 541.
(pdftex.def)             Requested size: 166.21237pt x 166.21169pt.

[29 <C:/Users/cisstudent/Documents/Phd Defense/Thesis/Figures/Chapter3Figures/R
ankDistGoogle.jpg> <C:/Users/cisstudent/Documents/Phd Defense/Thesis/Figures/Ch
apter3Figures/RankDistIceRocket.jpg>] [30 <C:/Users/cisstudent/Documents/Phd De
fense/Thesis/Figures/Chapter3Figures/GrayedImages/googleEgyptCumulative.jpg> <C
:/Users/cisstudent/Documents/Phd Defense/Thesis/Figures/Chapter3Figures/GrayedI
mages/icerocketEgyptCumulative.jpg> <C:/Users/cisstudent/Documents/Phd Defense/
Thesis/Figures/Chapter3Figures/GrayedImages/googleLibyaCumulative.jpg> <C:/User
s/cisstudent/Documents/Phd Defense/Thesis/Figures/Chapter3Figures/GrayedImages/
icerocketLibyaCumulative.jpg> <C:/Users/cisstudent/Documents/Phd Defense/Thesis
/Figures/Chapter3Figures/GrayedImages/googleTunisiaCumulative.jpg> <C:/Users/ci
sstudent/Documents/Phd Defense/Thesis/Figures/Chapter3Figures/GrayedImages/icer
ocketTunisiaCumulatice.jpg>] [31]
Underfull \hbox (badness 10000) in paragraph at lines 583--584
[]\OT1/cmr/m/n/10.95 Tahrir Square, Egyp-tian
 []


Underfull \hbox (badness 5147) in paragraph at lines 583--584
\OT1/cmr/m/n/10.95 gov-ern-ment, Gigi Ibrahim,
 []


Underfull \hbox (badness 10000) in paragraph at lines 585--586
[]\OT1/cmr/m/n/10.95 Tripoli, Muam-mar Al
 []


Underfull \hbox (badness 10000) in paragraph at lines 585--586
\OT1/cmr/m/n/10.95 Gaddafi, North At-lantic
 []


Underfull \hbox (badness 1394) in paragraph at lines 585--586
\OT1/cmr/m/n/10.95 Treaty Or-ga-ni-za-tion, Chad,
 []


<Figures/Chapter3Figures/confusionMatrixEgypt.pdf, id=1157, 925.4575pt x 686.56
5pt>
File: Figures/Chapter3Figures/confusionMatrixEgypt.pdf Graphic file (type pdf)
 <use Figures/Chapter3Figures/confusionMatrixEgypt.pdf>
Package pdftex.def Info: Figures/Chapter3Figures/confusionMatrixEgypt.pdf used 
on input line 600.
(pdftex.def)             Requested size: 289.07767pt x 216.80339pt.

<Figures/Chapter3Figures/confusionMatrixLibya.pdf, id=1158, 925.4575pt x 676.52
75pt>
File: Figures/Chapter3Figures/confusionMatrixLibya.pdf Graphic file (type pdf)
 <use Figures/Chapter3Figures/confusionMatrixLibya.pdf>
Package pdftex.def Info: Figures/Chapter3Figures/confusionMatrixLibya.pdf used 
on input line 601.
(pdftex.def)             Requested size: 289.07767pt x 216.81323pt.

<Figures/Chapter3Figures/confusionMatrixTunisia.pdf, id=1159, 925.4575pt x 676.
5275pt>
File: Figures/Chapter3Figures/confusionMatrixTunisia.pdf Graphic file (type pdf
)
 <use Figures/Chapter3Figures/confusionMatrixTunisia.pdf>
Package pdftex.def Info: Figures/Chapter3Figures/confusionMatrixTunisia.pdf use
d on input line 602.
(pdftex.def)             Requested size: 289.07767pt x 216.81323pt.
 [32] [33 <C:/Users/cisstudent/Documents/Phd Defense/Thesis/Figures/Chapter3Fig
ures/confusionMatrixEgypt.pdf> <C:/Users/cisstudent/Documents/Phd Defense/Thesi
s/Figures/Chapter3Figures/confusionMatrixLibya.pdf> <C:/Users/cisstudent/Docume
nts/Phd Defense/Thesis/Figures/Chapter3Figures/confusionMatrixTunisia.pdf>] [34
])
("C:\Users\cisstudent\Documents\Phd Defense\Thesis\Chapters/Chapter5.tex"
[35] [36]
Chapter 5.
------------------------------------------------------------------------------
 5 Discovering Event-specific Informative Content from Twitter
------------------------------------------------------------------------------
[37

]
Underfull \hbox (badness 10000) in paragraph at lines 26--26
[]\OT1/cmr/m/n/10.95 #SXSW14 #SXSW #sxswin-ter-ac-tive #CPAC2014 #CPAC #CPACPic
k-
 []


Underfull \hbox (badness 6775) in paragraph at lines 26--26
\OT1/cmr/m/n/10.95 u-pLines #CPAC-Pan-els Be squared away  perky TOP TWEETED of

 []


Underfull \hbox (badness 3078) in paragraph at lines 27--27
[]\OT1/cmr/m/n/10.95 In #Sochi, the Dutch are dom-i-nat-ing the over-all Olympi
c medal count
 []

[38] [39] [40] [41]
<Figures/InformationAnalysisTable.jpg, id=1293, 1040.38687pt x 298.11375pt>
File: Figures/InformationAnalysisTable.jpg Graphic file (type jpg)

<use Figures/InformationAnalysisTable.jpg>
Package pdftex.def Info: Figures/InformationAnalysisTable.jpg used on input lin
e 159.
(pdftex.def)             Requested size: 426.78363pt x 156.48932pt.

Overfull \hbox (9.31056pt too wide) in paragraph at lines 159--160
 [][] 
 []

[42]
Overfull \hbox (4.65886pt too wide) in paragraph at lines 195--195
[] 
 []


LaTeX Warning: Reference `tweetcharacteristics' on page 43 undefined on input l
ine 201.

[43 <C:/Users/cisstudent/Documents/Phd Defense/Thesis/Figures/InformationAnalys
isTable.jpg>] [44]
Overfull \hbox (28.19354pt too wide) in paragraph at lines 236--238
\OT1/cmr/bx/it/10.95 Problem\OT1/cmr/m/n/10.95 : \OT1/cmr/m/it/10.95 Given an e
vent $\OML/cmm/m/it/10.95 E[]$\OT1/cmr/m/it/10.95 , a time or-dered stream of $
\OML/cmm/m/it/10.95 n$ \OT1/cmr/m/it/10.95 tweets $\OML/cmm/m/it/10.95 M[] \OT1
/cmr/m/n/10.95 = \OMS/cmsy/m/n/10.95 f\OML/cmm/m/it/10.95 m[]; :::; m[]; m[]; :
::; m[]\OMS/cmsy/m/n/10.95 g$
 []

[45]
Overfull \hbox (17.25574pt too wide) in paragraph at lines 265--291
[][] 
 []

[46] <Figures/TwitterEventInfoGraph.jpg, id=1328, 906.38625pt x 740.7675pt>
File: Figures/TwitterEventInfoGraph.jpg Graphic file (type jpg)

<use Figures/TwitterEventInfoGraph.jpg>
Package pdftex.def Info: Figures/TwitterEventInfoGraph.jpg used on input line 3
46.
(pdftex.def)             Requested size: 455.23889pt x 341.43538pt.

Overfull \hbox (37.76582pt too wide) in paragraph at lines 346--347
 [][] 
 []

[47 <C:/Users/cisstudent/Documents/Phd Defense/Thesis/Figures/TwitterEventInfoG
raph.jpg>]
Overfull \hbox (49.42625pt too wide) in paragraph at lines 427--428
$[]$\OT1/cmr/m/n/10.95 , which we call as \OT1/cmr/m/it/10.95 Twit-terEventIn-f
o-Graph\OT1/cmr/m/n/10.95 , where $[]$,
 []

[48] [49] [50] [51]
Overfull \hbox (3.0859pt too wide) in paragraph at lines 561--562
[]\OT1/cmr/m/n/10.95 We get the fi-nal rank vec-tors for each sub-set of the ve
r-tices ($\OML/cmm/m/it/10.95 R[]; R[]; R[]; R[]; R[]$\OT1/cmr/m/n/10.95 )
 []

[52] [53] [54] [55]
<Figures/Chapter4Figures/MillionsMarchNycEventIdentityInfoRankPerformance.jpg, 
id=1397, 667.74469pt x 465.99094pt>
File: Figures/Chapter4Figures/MillionsMarchNycEventIdentityInfoRankPerformance.
jpg Graphic file (type jpg)

<use Figures/Chapter4Figures/MillionsMarchNycEventIdentityInfoRankPerformance.j
pg>
Package pdftex.def Info: Figures/Chapter4Figures/MillionsMarchNycEventIdentityI
nfoRankPerformance.jpg used on input line 676.
(pdftex.def)             Requested size: 433.63153pt x 325.22441pt.

Overfull \hbox (16.15846pt too wide) in paragraph at lines 676--677
 [][] 
 []


<Figures/Chapter4Figures/SydneySiegeEventIdentityInfoRankPerformance.jpg, id=13
98, 666.99188pt x 471.26062pt>
File: Figures/Chapter4Figures/SydneySiegeEventIdentityInfoRankPerformance.jpg G
raphic file (type jpg)

<use Figures/Chapter4Figures/SydneySiegeEventIdentityInfoRankPerformance.jpg>
Package pdftex.def Info: Figures/Chapter4Figures/SydneySiegeEventIdentityInfoRa
nkPerformance.jpg used on input line 683.
(pdftex.def)             Requested size: 433.63118pt x 325.22052pt.

Overfull \hbox (16.15811pt too wide) in paragraph at lines 683--684
 [][] 
 []

<Figures/millionsmarchnycndcg.jpg, id=1399, 809.27344pt x 395.22656pt>
File: Figures/millionsmarchnycndcg.jpg Graphic file (type jpg)

<use Figures/millionsmarchnycndcg.jpg>
Package pdftex.def Info: Figures/millionsmarchnycndcg.jpg used on input line 72
3.
(pdftex.def)             Requested size: 397.48595pt x 252.94412pt.

<Figures/sydneysiegendcg.jpg, id=1400, 809.27344pt x 395.22656pt>
File: Figures/sydneysiegendcg.jpg Graphic file (type jpg)

<use Figures/sydneysiegendcg.jpg>
Package pdftex.def Info: Figures/sydneysiegendcg.jpg used on input line 730.
(pdftex.def)             Requested size: 397.48595pt x 252.94412pt.

<Figures/millionsmarchnycprecision.jpg, id=1401, 809.27344pt x 395.22656pt>
File: Figures/millionsmarchnycprecision.jpg Graphic file (type jpg)

<use Figures/millionsmarchnycprecision.jpg>
Package pdftex.def Info: Figures/millionsmarchnycprecision.jpg used on input li
ne 737.
(pdftex.def)             Requested size: 397.48595pt x 252.94412pt.

<Figures/sydneysiegeprecision.jpg, id=1402, 809.27344pt x 395.22656pt>
File: Figures/sydneysiegeprecision.jpg Graphic file (type jpg)

<use Figures/sydneysiegeprecision.jpg>
Package pdftex.def Info: Figures/sydneysiegeprecision.jpg used on input line 74
4.
(pdftex.def)             Requested size: 397.48595pt x 252.94412pt.


Package hyperref Warning: The anchor of a bookmark and its parent's must not
(hyperref)                be the same. Added a new anchor on input line 905.

[56] [57 <C:/Users/cisstudent/Documents/Phd Defense/Thesis/Figures/Chapter4Figu
res/MillionsMarchNycEventIdentityInfoRankPerformance.jpg>] [58 <C:/Users/cisstu
dent/Documents/Phd Defense/Thesis/Figures/Chapter4Figures/SydneySiegeEventIdent
ityInfoRankPerformance.jpg> <C:/Users/cisstudent/Documents/Phd Defense/Thesis/F
igures/millionsmarchnycndcg.jpg>] [59 <C:/Users/cisstudent/Documents/Phd Defens
e/Thesis/Figures/sydneysiegendcg.jpg> <C:/Users/cisstudent/Documents/Phd Defens
e/Thesis/Figures/millionsmarchnycprecision.jpg>]

LaTeX Warning: Reference `avgannotationscores' on page 60 undefined on input li
ne 911.


LaTeX Warning: Reference `avgannotationscores' on page 60 undefined on input li
ne 911.


Overfull \hbox (35.50829pt too wide) in paragraph at lines 911--912
[] []\OT1/cmr/bx/n/10.95 Tweet An-no-ta-tions:[] \OT1/cmr/m/n/10.95 The ranked 
tweets were an-no-tated on an event-specific informativeness-
 []

[60 <C:/Users/cisstudent/Documents/Phd Defense/Thesis/Figures/sydneysiegeprecis
ion.jpg>]

LaTeX Warning: Reference `avgannotationscores' on page 61 undefined on input li
ne 913.


LaTeX Warning: Reference `avgannotationscores' on page 61 undefined on input li
ne 915.

[61]

Package hyperref Warning: The anchor of a bookmark and its parent's must not
(hyperref)                be the same. Added a new anchor on input line 954.

[62]
Overfull \hbox (0.81747pt too wide) in paragraph at lines 974--975
[]\OT1/cmr/m/n/10.95 http://www.cnn.com/2014/12/15/world/asia/australia-sydney-
hostage-situation/ 
 []


Overfull \hbox (13.562pt too wide) in paragraph at lines 978--979
[]\OT1/cmr/m/n/10.95 http://www.newsroompost.com/138766/sydney-cafe-siege-ends-
gunman-among-two-
 []

[63]
Overfull \hbox (7.18864pt too wide) in paragraph at lines 1029--1030
\OT1/cmr/m/n/10.95 eye-wit-ness http://t.co/m51P8dUPhB #Syd-neySiege http://t.c
o/NvJzFsGrFN 
 []

[64]
Overfull \hbox (28.45409pt too wide) in paragraph at lines 1057--1058
[]\OT1/cmr/m/n/10.95 http://mashable.com/2014/12/13/time-lapse-new-york-protest
-march/?utm[]cid=mash-
 []


Overfull \hbox (3.31154pt too wide) in paragraph at lines 1058--1059
[]\OT1/cmr/m/n/10.95 http://www.cbsnews.com/news/eric-garner-ferguson-missouri-
protesters-converge-
 []


Overfull \hbox (151.20374pt too wide) in paragraph at lines 1059--1060
[]\OT1/cmr/m/n/10.95 http://www.huffingtonpost.com/2014/12/13/millions-march-ny
c[]n[]6320348.html?ncid=tweetlnkushpmg00000051 
 []

[65]
Overfull \hbox (21.1043pt too wide) in paragraph at lines 1075--1076
\OT1/cmr/m/n/10.95 protests http://t.co/zhqHpkDLk1 #Mil-lion-s-March-NYC http:/
/t.co/WktxssAfDp 
 []


Overfull \hbox (22.48703pt too wide) in paragraph at lines 1077--1078
\OT1/cmr/m/n/10.95 ton Square Park #Mil-lion-s-March-NYC #The-Root-MOW http://t
.co/IwkQG1KjFg 
 []


Overfull \hbox (21.1043pt too wide) in paragraph at lines 1089--1090
\OT1/cmr/m/n/10.95 protests http://t.co/zhqHpkDLk1 #Mil-lion-s-March-NYC http:/
/t.co/WktxssAfDp 
 []


Overfull \hbox (27.90747pt too wide) in paragraph at lines 1091--1092
\OT1/cmr/m/n/10.95 hat-tan Sky-line be-hind. #Mil-lion-s-March-NYC #ICant-Breat
he http://t.co/UPvN... 
 []


LaTeX Warning: Reference `sypre' on page 66 undefined on input line 1096.


LaTeX Warning: Reference `millionpre' on page 66 undefined on input line 1096.

[66]

LaTeX Warning: Reference `top5sydneysiege' on page 67 undefined on input line 1
122.


LaTeX Warning: Reference `sydneysiegeusers' on page 67 undefined on input line 
1122.

[67]) ("C:\Users\cisstudent\Documents\Phd Defense\Thesis\Chapters/Chapter6.tex"
[68]
Chapter 6.
------------------------------------------------------------------------------
 6 Potential Applications of the EIIM Framework
------------------------------------------------------------------------------
[69

] [70] [71]
Overfull \hbox (2.51059pt too wide) in paragraph at lines 66--67
[]\OT1/cmr/m/n/10.95 New York To-day! #ShutIt-Down #eco-nomic-shut-down #Black-
Lives-Mat-ter #ICant-
 []

[72]

Package natbib Warning: Citation `tsur2012s' on page 73 undefined on input line
 79.

) ("C:\Users\cisstudent\Documents\Phd Defense\Thesis\Chapters/Chapter7.tex"
[73]
Chapter 7.
------------------------------------------------------------------------------
 7 Literature Review
------------------------------------------------------------------------------
) [74

]
------------------------------------------------------------------------------
 Bibliography
------------------------------------------------------------------------------
("C:\Users\cisstudent\Documents\Phd Defense\Thesis\main.bbl" [75


] [76] [77]
[78] [79])

Package natbib Warning: There were undefined citations.

Package atveryend Info: Empty hook `BeforeClearDocument' on input line 374.
[80]
Package atveryend Info: Empty hook `AfterLastShipout' on input line 374.
 ("C:\Users\cisstudent\Documents\Phd Defense\Thesis\main.aux")
Package atveryend Info: Executing hook `AtVeryEndDocument' on input line 374.
Package atveryend Info: Executing hook `AtEndAfterFileList' on input line 374.
Package rerunfilecheck Info: File `main.out' has not changed.
(rerunfilecheck)             Checksum: A58CE06CBE529F0A99246C2075EF106E;26611.


LaTeX Warning: There were undefined references.


LaTeX Warning: There were multiply-defined labels.

Package atveryend Info: Empty hook `AtVeryVeryEnd' on input line 374.
 ) 
Here is how much of TeX's memory you used:
 15700 strings out of 493921
 229159 string characters out of 3144860
 316644 words of memory out of 3000000
 18284 multiletter control sequences out of 15000+200000
 20085 words of font info for 73 fonts, out of 3000000 for 9000
 841 hyphenation exceptions out of 8191
 49i,15n,45p,3250b,552s stack positions out of 5000i,500n,10000p,200000b,50000s
<C:/Program Files (x86)/MiKTeX 2.9/fonts/type1/public/amsfonts/cm/cmbx10.pfb>
<C:/Program Files (x86)/MiKTeX 2.9/fonts/type1/public/amsfonts/cm/cmbx12.pfb><C
:/Program Files (x86)/MiKTeX 2.9/fonts/type1/public/amsfonts/cm/cmbx6.pfb><C:/P
rogram Files (x86)/MiKTeX 2.9/fonts/type1/public/amsfonts/cm/cmbx8.pfb><C:/Prog
ram Files (x86)/MiKTeX 2.9/fonts/type1/public/amsfonts/cm/cmbxti10.pfb><C:/Prog
ram Files (x86)/MiKTeX 2.9/fonts/type1/public/amsfonts/cm/cmcsc10.pfb><C:/Progr
am Files (x86)/MiKTeX 2.9/fonts/type1/public/amsfonts/cm/cmex10.pfb><C:/Program
 Files (x86)/MiKTeX 2.9/fonts/type1/public/amsfonts/cm/cmmi10.pfb><C:/Program F
iles (x86)/MiKTeX 2.9/fonts/type1/public/amsfonts/cm/cmmi6.pfb><C:/Program File
s (x86)/MiKTeX 2.9/fonts/type1/public/amsfonts/cm/cmmi8.pfb><C:/Program Files (
x86)/MiKTeX 2.9/fonts/type1/public/amsfonts/cm/cmr10.pfb><C:/Program Files (x86
)/MiKTeX 2.9/fonts/type1/public/amsfonts/cm/cmr12.pfb><C:/Program Files (x86)/M
iKTeX 2.9/fonts/type1/public/amsfonts/cm/cmr6.pfb><C:/Program Files (x86)/MiKTe
X 2.9/fonts/type1/public/amsfonts/cm/cmr8.pfb><C:/Program Files (x86)/MiKTeX 2.
9/fonts/type1/public/amsfonts/cm/cmr9.pfb><C:/Program Files (x86)/MiKTeX 2.9/fo
nts/type1/public/amsfonts/cm/cmsl12.pfb><C:/Program Files (x86)/MiKTeX 2.9/font
s/type1/public/amsfonts/cm/cmsy10.pfb><C:/Program Files (x86)/MiKTeX 2.9/fonts/
type1/public/amsfonts/cm/cmsy6.pfb><C:/Program Files (x86)/MiKTeX 2.9/fonts/typ
e1/public/amsfonts/cm/cmsy8.pfb><C:/Program Files (x86)/MiKTeX 2.9/fonts/type1/
public/amsfonts/cm/cmti10.pfb><C:/Program Files (x86)/MiKTeX 2.9/fonts/type1/pu
blic/amsfonts/cm/cmti12.pfb><C:/Program Files (x86)/MiKTeX 2.9/fonts/type1/publ
ic/amsfonts/symbols/msam7.pfb>
Output written on main.pdf (96 pages, 6774264 bytes).
PDF statistics:
 1784 PDF objects out of 2073 (max. 8388607)
 438 named destinations out of 1000 (max. 500000)
 1082 words of extra memory for PDF output out of 10000 (max. 10000000)

