This is pdfTeX, Version 3.1415926-2.4-1.40.13 (MiKTeX 2.9) (preloaded format=pdflatex 2013.10.18)  18 APR 2015 14:28
entering extended mode
**C:/Users/cisstudent/Documents/Phd*Defense/Thesis/Chapters/DissertationOvervie
w.tex

("C:/Users/cisstudent/Documents/Phd Defense/Thesis/Chapters/DissertationOvervie
w.tex"
LaTeX2e <2011/06/27>
Babel <v3.8m> and hyphenation patterns for english, afrikaans, ancientgreek, ar
abic, armenian, assamese, basque, bengali, bokmal, bulgarian, catalan, coptic, 
croatian, czech, danish, dutch, esperanto, estonian, farsi, finnish, french, ga
lician, german, german-x-2012-05-30, greek, gujarati, hindi, hungarian, iceland
ic, indonesian, interlingua, irish, italian, kannada, kurmanji, latin, latvian,
 lithuanian, malayalam, marathi, mongolian, mongolianlmc, monogreek, ngerman, n
german-x-2012-05-30, nynorsk, oriya, panjabi, pinyin, polish, portuguese, roman
ian, russian, sanskrit, serbian, slovak, slovenian, spanish, swedish, swissgerm
an, tamil, telugu, turkish, turkmen, ukenglish, ukrainian, uppersorbian, usengl
ishmax, welsh, loaded.
("C:\Program Files (x86)\MiKTeX 2.9\tex\latex\base\article.cls"
Document Class: article 2007/10/19 v1.4h Standard LaTeX document class
("C:\Program Files (x86)\MiKTeX 2.9\tex\latex\base\size12.clo"
File: size12.clo 2007/10/19 v1.4h Standard LaTeX file (size option)
)
\c@part=\count79
\c@section=\count80
\c@subsection=\count81
\c@subsubsection=\count82
\c@paragraph=\count83
\c@subparagraph=\count84
\c@figure=\count85
\c@table=\count86
\abovecaptionskip=\skip41
\belowcaptionskip=\skip42
\bibindent=\dimen102
)
("C:\Program Files (x86)\MiKTeX 2.9\tex\latex\graphics\graphicx.sty"
Package: graphicx 1999/02/16 v1.0f Enhanced LaTeX Graphics (DPC,SPQR)

("C:\Program Files (x86)\MiKTeX 2.9\tex\latex\graphics\keyval.sty"
Package: keyval 1999/03/16 v1.13 key=value parser (DPC)
\KV@toks@=\toks14
)
("C:\Program Files (x86)\MiKTeX 2.9\tex\latex\graphics\graphics.sty"
Package: graphics 2009/02/05 v1.0o Standard LaTeX Graphics (DPC,SPQR)

("C:\Program Files (x86)\MiKTeX 2.9\tex\latex\graphics\trig.sty"
Package: trig 1999/03/16 v1.09 sin cos tan (DPC)
)
("C:\Program Files (x86)\MiKTeX 2.9\tex\latex\00miktex\graphics.cfg"
File: graphics.cfg 2007/01/18 v1.5 graphics configuration of teTeX/TeXLive
)
Package graphics Info: Driver file: pdftex.def on input line 91.

("C:\Program Files (x86)\MiKTeX 2.9\tex\latex\pdftex-def\pdftex.def"
File: pdftex.def 2011/05/27 v0.06d Graphics/color for pdfTeX

("C:\Program Files (x86)\MiKTeX 2.9\tex\generic\oberdiek\infwarerr.sty"
Package: infwarerr 2010/04/08 v1.3 Providing info/warning/error messages (HO)
)
("C:\Program Files (x86)\MiKTeX 2.9\tex\generic\oberdiek\ltxcmds.sty"
Package: ltxcmds 2011/11/09 v1.22 LaTeX kernel commands for general use (HO)
)
\Gread@gobject=\count87
))
\Gin@req@height=\dimen103
\Gin@req@width=\dimen104
)
("C:\Users\cisstudent\Documents\Phd Defense\Thesis\Chapters\DissertationOvervie
w.aux")
LaTeX Font Info:    Checking defaults for OML/cmm/m/it on input line 14.
LaTeX Font Info:    ... okay on input line 14.
LaTeX Font Info:    Checking defaults for T1/cmr/m/n on input line 14.
LaTeX Font Info:    ... okay on input line 14.
LaTeX Font Info:    Checking defaults for OT1/cmr/m/n on input line 14.
LaTeX Font Info:    ... okay on input line 14.
LaTeX Font Info:    Checking defaults for OMS/cmsy/m/n on input line 14.
LaTeX Font Info:    ... okay on input line 14.
LaTeX Font Info:    Checking defaults for OMX/cmex/m/n on input line 14.
LaTeX Font Info:    ... okay on input line 14.
LaTeX Font Info:    Checking defaults for U/cmr/m/n on input line 14.
LaTeX Font Info:    ... okay on input line 14.
 ("C:\Program Files (x86)\MiKTeX 2.9\tex\context\base\supp-pdf.mkii"
[Loading MPS to PDF converter (version 2006.09.02).]
\scratchcounter=\count88
\scratchdimen=\dimen105
\scratchbox=\box26
\nofMPsegments=\count89
\nofMParguments=\count90
\everyMPshowfont=\toks15
\MPscratchCnt=\count91
\MPscratchDim=\dimen106
\MPnumerator=\count92
\makeMPintoPDFobject=\count93
\everyMPtoPDFconversion=\toks16
)
LaTeX Font Info:    External font `cmex10' loaded for size
(Font)              <14.4> on input line 15.
LaTeX Font Info:    External font `cmex10' loaded for size
(Font)              <7> on input line 15.


LaTeX Warning: Citation `phelan2009using' on page 1 undefined on input line 17.



LaTeX Warning: Citation `o2010tweets' on page 1 undefined on input line 17.


LaTeX Warning: Citation `singh2010clustering' on page 1 undefined on input line
 17.


LaTeX Warning: Citation `singh2010mining' on page 1 undefined on input line 17.



LaTeX Warning: Citation `agarwal2012online' on page 1 undefined on input line 1
7.


LaTeX Warning: Citation `sakaki2013tweet' on page 1 undefined on input line 17.



LaTeX Warning: Citation `popescu2011extracting' on page 1 undefined on input li
ne 17.


LaTeX Warning: Citation `purohit2013twitris' on page 1 undefined on input line 
17.


LaTeX Warning: Citation `agarwal2013grouping' on page 1 undefined on input line
 17.


LaTeX Warning: Citation `agarwal2014time' on page 1 undefined on input line 17.



LaTeX Warning: Citation `sen2012identifying' on page 1 undefined on input line 
17.


LaTeX Warning: Citation `agarwal2014online' on page 1 undefined on input line 1
7.


LaTeX Warning: Citation `agarwal2012raising' on page 1 undefined on input line 
17.

[1

{C:/ProgramData/MiKTeX/2.9/pdftex/config/pdftex.map}]
LaTeX Font Info:    Try loading font information for OMS+cmr on input line 22.

("C:\Program Files (x86)\MiKTeX 2.9\tex\latex\base\omscmr.fd"
File: omscmr.fd 1999/05/25 v2.5h Standard LaTeX font definitions
)
LaTeX Font Info:    Font shape `OMS/cmr/m/n' in size <12> not available
(Font)              Font shape `OMS/cmsy/m/n' tried instead on input line 22.


LaTeX Warning: Citation `allan1998line' on page 2 undefined on input line 28.


LaTeX Warning: Citation `kumaran2004text' on page 2 undefined on input line 28.



LaTeX Warning: Citation `zhou2011entity' on page 2 undefined on input line 30.

[2] <EIIM.jpg, id=12, 2727.43968pt x 1183.42125pt>
File: EIIM.jpg Graphic file (type jpg)
 <use EIIM.jpg>
Package pdftex.def Info: EIIM.jpg used on input line 39.
(pdftex.def)             Requested size: 441.0188pt x 199.15651pt.

Overfull \hbox (51.0188pt too wide) in paragraph at lines 39--40
 [][] 
 []


LaTeX Warning: Citation `zhou2011entity' on page 3 undefined on input line 45.

[3 <C:/Users/cisstudent/Documents/Phd Defense/Thesis/Chapters/EIIM.jpg>]
[4]
LaTeX Font Info:    External font `cmex10' loaded for size
(Font)              <12> on input line 83.
LaTeX Font Info:    External font `cmex10' loaded for size
(Font)              <8> on input line 83.
LaTeX Font Info:    External font `cmex10' loaded for size
(Font)              <6> on input line 83.

Overfull \hbox (14.44247pt too wide) in paragraph at lines 87--88
[]\OT1/cmr/bx/n/12 Debanjan Ma-hata \OT1/cmr/m/n/12 and Nitin Agar-wal; \OT1/cm
r/m/it/12 Iden-ti-fy-ing Event-specific Sources
 []

[5]
Overfull \hbox (4.33301pt too wide) in paragraph at lines 98--99
[]\OT1/cmr/bx/n/12 Debanjan Ma-hata \OT1/cmr/m/n/12 and Nitin Agar-wal. \OT1/cm
r/m/it/12 An-a-lyz-ing Event-specific Socio-
 []

[6] [7]
("C:\Users\cisstudent\Documents\Phd Defense\Thesis\Chapters\DissertationOvervie
w.aux")

LaTeX Warning: There were undefined references.

 ) 
Here is how much of TeX's memory you used:
 1171 strings out of 493921
 15922 string characters out of 3144860
 68199 words of memory out of 3000000
 4502 multiletter control sequences out of 15000+200000
 8549 words of font info for 30 fonts, out of 3000000 for 9000
 841 hyphenation exceptions out of 8191
 27i,6n,21p,1708b,229s stack positions out of 5000i,500n,10000p,200000b,50000s
<C:/Program Files (x86)/MiKTeX 2.9/fonts/type1/public/amsfonts/cm/cmbx12.pfb>
<C:/Program Files (x86)/MiKTeX 2.9/fonts/type1/public/amsfonts/cm/cmmi8.pfb><C:
/Program Files (x86)/MiKTeX 2.9/fonts/type1/public/amsfonts/cm/cmr12.pfb><C:/Pr
ogram Files (x86)/MiKTeX 2.9/fonts/type1/public/amsfonts/cm/cmr17.pfb><C:/Progr
am Files (x86)/MiKTeX 2.9/fonts/type1/public/amsfonts/cm/cmsy10.pfb><C:/Program
 Files (x86)/MiKTeX 2.9/fonts/type1/public/amsfonts/cm/cmti12.pfb>
Output written on DissertationOverview.pdf (7 pages, 1185109 bytes).
PDF statistics:
 51 PDF objects out of 1000 (max. 8388607)
 0 named destinations out of 1000 (max. 500000)
 6 words of extra memory for PDF output out of 10000 (max. 10000000)

